[ 2016-09-23T10:02:29+08:00 ] ERR: (ThinkException) 无法加载模块:favicon
[ 2016-09-23T10:02:30+08:00 ] ERR: (ThinkException) 无法加载模块:tpl
[ 2016-09-23T10:02:30+08:00 ] ERR: (ThinkException) 无法加载模块:tpl
[ 2016-09-23T10:02:30+08:00 ] ERR: (ThinkException) 无法加载模块:favicon
[ 2016-09-23T10:02:34+08:00 ] ERR: (ThinkException) 无法加载模块:favicon
[ 2016-09-23T10:03:25+08:00 ] ERR: (ThinkException) 无法加载模块:favicon
[ 2016-09-23T10:03:25+08:00 ] ERR: (ThinkException) 无法加载模块:favicon
[ 2016-09-23T13:06:25+08:00 ] ERR: (ThinkException) 无法加载模块:favicon
[ 2016-09-23T13:06:31+08:00 ] ERR: (ThinkException) 无法加载模块:tpl
[ 2016-09-23T13:06:31+08:00 ] ERR: (ThinkException) 无法加载模块:tpl
[ 2016-09-23T13:06:41+08:00 ] ERR: (ThinkException) 无法加载模块:favicon
[ 2016-09-23T13:06:44+08:00 ] ERR: (ThinkException) 无法加载模块:tpl
[ 2016-09-23T13:06:44+08:00 ] ERR: (ThinkException) 无法加载模块:tpl
[ 2016-09-23T13:06:44+08:00 ] ERR: (ThinkException) 无法加载模块:favicon
[ 2016-09-23T13:06:49+08:00 ] ERR: (ThinkException) 无法加载模块:favicon
[ 2016-09-23T13:06:50+08:00 ] ERR: (ThinkException) 无法加载模块:favicon
[ 2016-09-23T13:13:04+08:00 ] ERR: (ThinkException) 无法加载模块:favicon
[ 2016-09-23T13:13:07+08:00 ] ERR: (ThinkException) 无法加载模块:favicon
[ 2016-09-23T13:15:02+08:00 ] ERR: (ThinkException) 无法加载模块:favicon
[ 2016-09-23T13:15:03+08:00 ] ERR: (ThinkException) 无法加载模块:tpl
[ 2016-09-23T13:15:03+08:00 ] ERR: (ThinkException) 无法加载模块:tpl
[ 2016-09-23T13:15:03+08:00 ] ERR: (ThinkException) 无法加载模块:favicon
[ 2016-09-23T13:15:09+08:00 ] ERR: (ThinkException) 无法加载模块:favicon
[ 2016-09-23T13:15:10+08:00 ] ERR: (ThinkException) 无法加载模块:favicon
[ 2016-09-23T13:15:23+08:00 ] ERR: (ThinkException) 无法加载模块:favicon
[ 2016-09-23T13:16:04+08:00 ] ERR: (ThinkException) 无法加载模块:favicon
[ 2016-09-23T13:16:05+08:00 ] ERR: (ThinkException) 无法加载模块:favicon
[ 2016-09-23T13:21:07+08:00 ] ERR: (ThinkException) 无法加载模块:favicon
[ 2016-09-23T13:21:08+08:00 ] ERR: (ThinkException) 无法加载模块:favicon
[ 2016-09-23T13:21:10+08:00 ] ERR: (ThinkException) 无法加载模块:favicon
[ 2016-09-23T13:22:23+08:00 ] ERR: (ThinkException) 无法加载模块:favicon
[ 2016-09-23T13:22:29+08:00 ] ERR: (ThinkException) 无法加载模块:favicon
[ 2016-09-23T13:23:18+08:00 ] ERR: (ThinkException) 无法加载模块:favicon
[ 2016-09-23T13:27:10+08:00 ] ERR: (ThinkException) 无法加载模块:favicon
[ 2016-09-23T13:27:18+08:00 ] ERR: (ThinkException) 无法加载模块:favicon
[ 2016-09-23T13:27:18+08:00 ] ERR: (ThinkException) 无法加载模块:favicon
[ 2016-09-23T13:27:45+08:00 ] ERR: (ThinkException) 无法加载模块:favicon
[ 2016-09-23T13:29:25+08:00 ] ERR: (ThinkException) 无法加载模块:favicon
[ 2016-09-23T13:29:49+08:00 ] ERR: (ThinkException) 无法加载模块:favicon
[ 2016-09-23T13:30:16+08:00 ] ERR: (ThinkException) 无法加载模块:favicon
[ 2016-09-23T13:58:14+08:00 ] ERR: (ThinkException) 无法加载模块:favicon
[ 2016-09-23T14:02:19+08:00 ] ERR: (ThinkException) 无法加载模块:favicon
[ 2016-09-23T14:02:32+08:00 ] ERR: (ThinkException) 无法加载模块:favicon
[ 2016-09-23T14:05:50+08:00 ] ERR: (ThinkException) 无法加载模块:favicon
[ 2016-09-23T14:07:04+08:00 ] ERR: (ThinkException) 无法加载模块:favicon
[ 2016-09-23T14:11:39+08:00 ] ERR: (ThinkException) 无法加载模块:favicon
[ 2016-09-23T14:11:49+08:00 ] ERR: (ThinkException) 无法加载模块:favicon
[ 2016-09-23T14:12:26+08:00 ] ERR: (ThinkException) You have an error in your SQL syntax; check the manual that corresponds to your MySQL server version for the right syntax to use near ') )' at line 1
 [ SQL语句 ] : SELECT `id`,`logourl` FROM `tp_product` WHERE ( `id` IN () ) 
[ 2016-09-23T14:12:26+08:00 ] ERR: (ThinkException) 无法加载模块:favicon
[ 2016-09-23T14:12:46+08:00 ] ERR: (ThinkException) 无法加载模块:favicon
[ 2016-09-23T14:12:52+08:00 ] ERR: (ThinkException) 无法加载模块:favicon
[ 2016-09-23T14:13:20+08:00 ] ERR: (ThinkException) 无法加载模块:favicon
[ 2016-09-23T14:15:14+08:00 ] ERR: (ThinkException) 无法加载模块:favicon
[ 2016-09-23T14:15:15+08:00 ] ERR: (ThinkException) 无法加载模块:tpl
[ 2016-09-23T14:15:15+08:00 ] ERR: (ThinkException) 无法加载模块:tpl
[ 2016-09-23T14:15:15+08:00 ] ERR: (ThinkException) 无法加载模块:favicon
[ 2016-09-23T14:15:18+08:00 ] ERR: (ThinkException) 无法加载模块:favicon
[ 2016-09-23T14:15:19+08:00 ] ERR: (ThinkException) 无法加载模块:favicon
[ 2016-09-23T14:16:03+08:00 ] ERR: (ThinkException) 无法加载模块:favicon
[ 2016-09-23T14:16:10+08:00 ] ERR: (ThinkException) 无法加载模块:favicon
[ 2016-09-23T14:16:45+08:00 ] ERR: (ThinkException) 无法加载模块:favicon
[ 2016-09-23T14:16:48+08:00 ] ERR: (ThinkException) 无法加载模块:favicon
[ 2016-09-23T14:17:48+08:00 ] ERR: (ThinkException) 无法加载模块:favicon
[ 2016-09-23T14:18:39+08:00 ] ERR: (ThinkException) 无法加载模块:favicon
[ 2016-09-23T14:20:09+08:00 ] ERR: (ThinkException) 无法加载模块:favicon
[ 2016-09-23T14:20:14+08:00 ] ERR: (ThinkException) 无法加载模块:favicon
[ 2016-09-23T14:20:16+08:00 ] ERR: (ThinkException) 无法加载模块:favicon
[ 2016-09-23T14:21:20+08:00 ] ERR: (ThinkException) 无法加载模块:favicon
[ 2016-09-23T14:21:36+08:00 ] ERR: (ThinkException) 无法加载模块:favicon
[ 2016-09-23T14:21:51+08:00 ] ERR: (ThinkException) 无法加载模块:favicon
[ 2016-09-23T14:23:32+08:00 ] ERR: (ThinkException) 无法加载模块:favicon
[ 2016-09-23T14:23:32+08:00 ] ERR: (ThinkException) 非法操作:ajaxProducts&order=sort&method=ASC&pagesize=8
[ 2016-09-23T14:25:51+08:00 ] ERR: (ThinkException) 无法加载模块:favicon
[ 2016-09-23T14:25:52+08:00 ] ERR: (ThinkException) 无法加载模块:favicon
[ 2016-09-23T14:25:53+08:00 ] ERR: (ThinkException) 无法加载模块:favicon
[ 2016-09-23T14:26:08+08:00 ] ERR: (ThinkException) 无法加载模块:favicon
[ 2016-09-23T14:26:10+08:00 ] ERR: (ThinkException) 无法加载模块:favicon
[ 2016-09-23T14:26:10+08:00 ] ERR: (ThinkException) 无法加载模块:favicon
[ 2016-09-23T14:26:11+08:00 ] ERR: (ThinkException) 无法加载模块:favicon
[ 2016-09-23T14:26:19+08:00 ] ERR: (ThinkException) 无法加载模块:favicon
[ 2016-09-23T14:26:23+08:00 ] ERR: (ThinkException) 非法操作:ajaxProducts&order=sort&method=ASC&pagesize=8
[ 2016-09-23T15:03:42+08:00 ] ERR: (ThinkException) You have an error in your SQL syntax; check the manual that corresponds to your MySQL server version for the right syntax to use near ') )' at line 1
 [ SQL语句 ] : SELECT `id`,`logourl` FROM `tp_product` WHERE ( `id` IN () ) 
[ 2016-09-23T15:03:42+08:00 ] ERR: (ThinkException) 无法加载模块:favicon
[ 2016-09-23T15:04:23+08:00 ] ERR: (ThinkException) 无法加载模块:favicon
[ 2016-09-23T15:04:28+08:00 ] ERR: (ThinkException) 无法加载模块:favicon
[ 2016-09-23T15:04:59+08:00 ] ERR: (ThinkException) 无法加载模块:favicon
[ 2016-09-23T15:06:26+08:00 ] ERR: (ThinkException) 无法加载模块:favicon
[ 2016-09-23T15:06:29+08:00 ] ERR: (ThinkException) 非法操作:ajaxProducts&order=sort&method=ASC&pagesize=8
[ 2016-09-23T17:44:47+08:00 ] ERR: (ThinkException) 无法加载模块:favicon
[ 2016-09-23T17:44:49+08:00 ] ERR: (ThinkException) 无法加载模块:tpl
[ 2016-09-23T17:44:49+08:00 ] ERR: (ThinkException) 无法加载模块:tpl
[ 2016-09-23T17:44:49+08:00 ] ERR: (ThinkException) 无法加载模块:Tpl
[ 2016-09-23T17:44:49+08:00 ] ERR: (ThinkException) 无法加载模块:favicon
[ 2016-09-23T17:44:52+08:00 ] ERR: (ThinkException) 无法加载模块:favicon
[ 2016-09-23T17:44:53+08:00 ] ERR: (ThinkException) 无法加载模块:Tpl
[ 2016-09-23T17:44:54+08:00 ] ERR: (ThinkException) 无法加载模块:favicon
[ 2016-09-23T17:45:07+08:00 ] ERR: (ThinkException) 无法加载模块:favicon
[ 2016-09-23T17:45:14+08:00 ] ERR: (ThinkException) 无法加载模块:favicon
[ 2016-09-23T17:45:16+08:00 ] ERR: (ThinkException) 无法加载模块:favicon
[ 2016-09-23T17:45:33+08:00 ] ERR: (ThinkException) 无法加载模块:Tpl
[ 2016-09-23T17:45:33+08:00 ] ERR: (ThinkException) 无法加载模块:favicon
[ 2016-09-23T17:46:07+08:00 ] ERR: (ThinkException) 无法加载模块:favicon
[ 2016-09-23T17:46:13+08:00 ] ERR: (ThinkException) 无法加载模块:favicon
[ 2016-09-23T17:46:19+08:00 ] ERR: (ThinkException) 无法加载模块:favicon
[ 2016-09-23T17:46:29+08:00 ] ERR: (ThinkException) 无法加载模块:favicon
[ 2016-09-23T17:46:34+08:00 ] ERR: (ThinkException) 无法加载模块:favicon
[ 2016-09-23T17:59:47+08:00 ] ERR: (ThinkException) 无法加载模块:favicon
[ 2016-09-23T18:00:50+08:00 ] ERR: (ThinkException) 无法加载模块:favicon
[ 2016-09-23T18:01:12+08:00 ] ERR: (ThinkException) 无法加载模块:favicon
[ 2016-09-23T18:01:40+08:00 ] ERR: (ThinkException) 无法加载模块:favicon
[ 2016-09-23T18:05:02+08:00 ] ERR: (ThinkException) 无法加载模块:favicon
[ 2016-09-23T18:05:04+08:00 ] ERR: (ThinkException) 无法加载模块:favicon
[ 2016-09-23T18:05:59+08:00 ] ERR: (ThinkException) 无法加载模块:favicon
[ 2016-09-23T18:06:00+08:00 ] ERR: (ThinkException) 无法加载模块:favicon
