[ 2016-09-20T14:02:10+08:00 ] ERR: (ThinkException) 无法加载模块:favicon
[ 2016-09-20T14:02:13+08:00 ] ERR: (ThinkException) 无法加载模块:tpl
[ 2016-09-20T14:02:13+08:00 ] ERR: (ThinkException) 无法加载模块:tpl
[ 2016-09-20T14:02:13+08:00 ] ERR: (ThinkException) 无法加载模块:favicon
[ 2016-09-20T15:16:43+08:00 ] ERR: (ThinkException) 无法加载模块:favicon
[ 2016-09-20T15:16:45+08:00 ] ERR: (ThinkException) 无法加载模块:favicon
[ 2016-09-20T15:16:50+08:00 ] ERR: (ThinkException) 无法加载模块:favicon
[ 2016-09-20T15:16:53+08:00 ] ERR: (ThinkException) 无法加载模块:favicon
[ 2016-09-20T15:16:55+08:00 ] ERR: (ThinkException) 无法加载模块:favicon
[ 2016-09-20T15:16:56+08:00 ] ERR: (ThinkException) 无法加载模块:favicon
[ 2016-09-20T15:16:59+08:00 ] ERR: (ThinkException) 无法加载模块:favicon
[ 2016-09-20T15:17:02+08:00 ] ERR: (ThinkException) 非法操作:ajaxProducts&order=sort&method=ASC&pagesize=8
[ 2016-09-20T15:17:12+08:00 ] ERR: (ThinkException) 无法加载模块:favicon
[ 2016-09-20T15:17:14+08:00 ] ERR: (ThinkException) 无法加载模块:favicon
[ 2016-09-20T15:17:17+08:00 ] ERR: (ThinkException) 无法加载模块:favicon
[ 2016-09-20T15:21:40+08:00 ] ERR: (ThinkException) 无法加载模块:wap
[ 2016-09-20T15:21:52+08:00 ] ERR: (ThinkException) 无法加载模块:Wap
[ 2016-09-20T15:21:55+08:00 ] ERR: (ThinkException) 无法加载模块:Wap
[ 2016-09-20T15:23:00+08:00 ] ERR: (ThinkException) 无法加载模块:tpl
[ 2016-09-20T15:23:00+08:00 ] ERR: (ThinkException) 无法加载模块:tpl
[ 2016-09-20T15:23:18+08:00 ] ERR: (ThinkException) 无法加载模块:favicon
[ 2016-09-20T15:23:21+08:00 ] ERR: (ThinkException) 无法加载模块:tpl
[ 2016-09-20T15:23:21+08:00 ] ERR: (ThinkException) 无法加载模块:tpl
[ 2016-09-20T15:23:21+08:00 ] ERR: (ThinkException) 无法加载模块:favicon
[ 2016-09-20T15:23:36+08:00 ] ERR: (ThinkException) 无法加载模块:tpl
[ 2016-09-20T15:23:36+08:00 ] ERR: (ThinkException) 无法加载模块:tpl
[ 2016-09-20T15:23:36+08:00 ] ERR: (ThinkException) 无法加载模块:favicon
[ 2016-09-20T15:23:42+08:00 ] ERR: (ThinkException) 无法加载模块:favicon
[ 2016-09-20T15:23:54+08:00 ] ERR: (ThinkException) 无法加载模块:favicon
[ 2016-09-20T15:23:56+08:00 ] ERR: (ThinkException) 无法加载模块:favicon
[ 2016-09-20T15:24:50+08:00 ] ERR: (ThinkException) 非法操作:ajaxProducts&order=sort&method=ASC&pagesize=8
[ 2016-09-20T15:24:50+08:00 ] ERR: (ThinkException) 无法加载模块:favicon
[ 2016-09-20T15:26:20+08:00 ] ERR: (ThinkException) 无法加载模块:favicon
[ 2016-09-20T15:26:32+08:00 ] ERR: (ThinkException) 无法加载模块:favicon
[ 2016-09-20T15:29:45+08:00 ] ERR: (ThinkException) 无法加载模块:favicon
[ 2016-09-20T15:29:47+08:00 ] ERR: (ThinkException) 无法加载模块:favicon
[ 2016-09-20T15:29:52+08:00 ] ERR: (ThinkException) 无法加载模块:favicon
[ 2016-09-20T15:29:54+08:00 ] ERR: (ThinkException) 无法加载模块:favicon
[ 2016-09-20T15:29:56+08:00 ] ERR: (ThinkException) 无法加载模块:favicon
[ 2016-09-20T15:29:58+08:00 ] ERR: (ThinkException) 无法加载模块:favicon
[ 2016-09-20T15:30:00+08:00 ] ERR: (ThinkException) 无法加载模块:favicon
[ 2016-09-20T15:30:01+08:00 ] ERR: (ThinkException) 无法加载模块:favicon
[ 2016-09-20T15:30:03+08:00 ] ERR: (ThinkException) 无法加载模块:favicon
[ 2016-09-20T15:30:15+08:00 ] ERR: (ThinkException) 无法加载模块:favicon
[ 2016-09-20T15:30:16+08:00 ] ERR: (ThinkException) 无法加载模块:favicon
[ 2016-09-20T15:30:19+08:00 ] ERR: (ThinkException) 无法加载模块:favicon
[ 2016-09-20T15:30:21+08:00 ] ERR: (ThinkException) 无法加载模块:favicon
[ 2016-09-20T15:30:27+08:00 ] ERR: (ThinkException) 无法加载模块:favicon
[ 2016-09-20T15:30:28+08:00 ] ERR: (ThinkException) 无法加载模块:favicon
[ 2016-09-20T15:30:31+08:00 ] ERR: (ThinkException) 无法加载模块:favicon
[ 2016-09-20T15:30:33+08:00 ] ERR: (ThinkException) 无法加载模块:favicon
[ 2016-09-20T15:30:35+08:00 ] ERR: (ThinkException) 无法加载模块:favicon
[ 2016-09-20T15:30:36+08:00 ] ERR: (ThinkException) 无法加载模块:favicon
[ 2016-09-20T15:33:23+08:00 ] ERR: (ThinkException) 无法加载模块:favicon
[ 2016-09-20T15:33:25+08:00 ] ERR: (ThinkException) 非法操作:ajaxProducts&order=sort&method=ASC&pagesize=8
[ 2016-09-20T15:49:41+08:00 ] ERR: (ThinkException) 无法加载模块:favicon
[ 2016-09-20T15:49:44+08:00 ] ERR: (ThinkException) 无法加载模块:favicon
[ 2016-09-20T15:49:46+08:00 ] ERR: (ThinkException) 无法加载模块:favicon
[ 2016-09-20T15:51:56+08:00 ] ERR: (ThinkException) 无法加载模块:favicon
[ 2016-09-20T15:52:10+08:00 ] ERR: (ThinkException) 无法加载模块:favicon
[ 2016-09-20T15:54:08+08:00 ] ERR: (ThinkException) 无法加载模块:favicon
[ 2016-09-20T15:54:10+08:00 ] ERR: (ThinkException) 无法加载模块:favicon
[ 2016-09-20T15:54:21+08:00 ] ERR: (ThinkException) 无法加载模块:favicon
[ 2016-09-20T15:54:22+08:00 ] ERR: (ThinkException) 无法加载模块:favicon
[ 2016-09-20T15:54:36+08:00 ] ERR: (ThinkException) 无法加载模块:favicon
[ 2016-09-20T15:54:38+08:00 ] ERR: (ThinkException) 无法加载模块:favicon
[ 2016-09-20T15:54:44+08:00 ] ERR: (ThinkException) 无法加载模块:favicon
[ 2016-09-20T15:55:18+08:00 ] ERR: (ThinkException) 无法加载模块:favicon
[ 2016-09-20T15:55:20+08:00 ] ERR: (ThinkException) 无法加载模块:favicon
[ 2016-09-20T15:55:43+08:00 ] ERR: (ThinkException) 非法操作:bdproducts&order=salecount&method=DESC&keyword=
[ 2016-09-20T15:55:43+08:00 ] ERR: (ThinkException) 无法加载模块:favicon
[ 2016-09-20T15:55:47+08:00 ] ERR: (ThinkException) 无法加载模块:favicon
[ 2016-09-20T15:55:49+08:00 ] ERR: (ThinkException) 非法操作:bdproducts&order=time&method=DESC&keyword=
[ 2016-09-20T15:55:49+08:00 ] ERR: (ThinkException) 无法加载模块:favicon
[ 2016-09-20T15:55:50+08:00 ] ERR: (ThinkException) 无法加载模块:favicon
[ 2016-09-20T15:55:56+08:00 ] ERR: (ThinkException) 无法加载模块:favicon
[ 2016-09-20T15:55:59+08:00 ] ERR: (ThinkException) 无法加载模块:favicon
[ 2016-09-20T15:56:03+08:00 ] ERR: (ThinkException) 非法操作:ajaxProducts&order=sort&method=ASC&pagesize=8
[ 2016-09-20T15:56:24+08:00 ] ERR: (ThinkException) 无法加载模块:favicon
[ 2016-09-20T15:56:26+08:00 ] ERR: (ThinkException) 无法加载模块:favicon
[ 2016-09-20T15:56:29+08:00 ] ERR: (ThinkException) 无法加载模块:favicon
[ 2016-09-20T15:56:33+08:00 ] ERR: (ThinkException) 无法加载模块:favicon
[ 2016-09-20T15:56:36+08:00 ] ERR: (ThinkException) 无法加载模块:favicon
[ 2016-09-20T15:56:38+08:00 ] ERR: (ThinkException) 无法加载模块:favicon
[ 2016-09-20T15:56:40+08:00 ] ERR: (ThinkException) 无法加载模块:favicon
[ 2016-09-20T15:56:41+08:00 ] ERR: (ThinkException) 无法加载模块:favicon
[ 2016-09-20T15:56:43+08:00 ] ERR: (ThinkException) 无法加载模块:favicon
[ 2016-09-20T15:56:44+08:00 ] ERR: (ThinkException) 无法加载模块:favicon
[ 2016-09-20T15:57:03+08:00 ] ERR: (ThinkException) 无法加载模块:favicon
[ 2016-09-20T15:57:05+08:00 ] ERR: (ThinkException) 无法加载模块:favicon
[ 2016-09-20T15:57:06+08:00 ] ERR: (ThinkException) 无法加载模块:favicon
[ 2016-09-20T15:57:07+08:00 ] ERR: (ThinkException) 无法加载模块:favicon
[ 2016-09-20T15:57:09+08:00 ] ERR: (ThinkException) 无法加载模块:favicon
[ 2016-09-20T15:57:10+08:00 ] ERR: (ThinkException) 无法加载模块:favicon
[ 2016-09-20T15:57:13+08:00 ] ERR: (ThinkException) 无法加载模块:favicon
[ 2016-09-20T15:57:15+08:00 ] ERR: (ThinkException) 无法加载模块:favicon
[ 2016-09-20T15:57:17+08:00 ] ERR: (ThinkException) 无法加载模块:favicon
[ 2016-09-20T15:57:18+08:00 ] ERR: (ThinkException) 无法加载模块:favicon
[ 2016-09-20T15:57:20+08:00 ] ERR: (ThinkException) 无法加载模块:favicon
[ 2016-09-20T15:57:21+08:00 ] ERR: (ThinkException) 无法加载模块:favicon
[ 2016-09-20T15:57:23+08:00 ] ERR: (ThinkException) 无法加载模块:favicon
[ 2016-09-20T15:57:24+08:00 ] ERR: (ThinkException) 无法加载模块:favicon
[ 2016-09-20T15:57:25+08:00 ] ERR: (ThinkException) 无法加载模块:favicon
[ 2016-09-20T15:57:27+08:00 ] ERR: (ThinkException) 无法加载模块:favicon
[ 2016-09-20T15:57:28+08:00 ] ERR: (ThinkException) 无法加载模块:favicon
[ 2016-09-20T15:57:30+08:00 ] ERR: (ThinkException) 无法加载模块:favicon
[ 2016-09-20T16:03:58+08:00 ] ERR: (ThinkException) 无法加载模块:favicon
[ 2016-09-20T16:56:52+08:00 ] ERR: (ThinkException) 无法加载模块:favicon
