[ 2016-09-27T09:59:11+08:00 ] ERR: (ThinkException) 无法加载模块:tpl
[ 2016-09-27T09:59:11+08:00 ] ERR: (ThinkException) 无法加载模块:tpl
[ 2016-09-27T09:59:12+08:00 ] ERR: (ThinkException) 无法加载模块:favicon
[ 2016-09-27T09:59:15+08:00 ] ERR: (ThinkException) 无法加载模块:favicon
[ 2016-09-27T09:59:21+08:00 ] ERR: (ThinkException) 无法加载模块:favicon
[ 2016-09-27T10:21:07+08:00 ] ERR: (ThinkException) 无法加载模块:dbproducts
[ 2016-09-27T10:21:07+08:00 ] ERR: (ThinkException) 无法加载模块:favicon
[ 2016-09-27T10:21:11+08:00 ] ERR: (ThinkException) 无法加载模块:Index
[ 2016-09-27T10:21:11+08:00 ] ERR: (ThinkException) 无法加载模块:favicon
[ 2016-09-27T10:21:22+08:00 ] ERR: (ThinkException) 无法加载模块:favicon
[ 2016-09-27T10:23:16+08:00 ] ERR: (ThinkException) 无法加载模块:favicon
[ 2016-09-27T10:23:20+08:00 ] ERR: (ThinkException) 无法加载模块:tpl
[ 2016-09-27T10:23:20+08:00 ] ERR: (ThinkException) 无法加载模块:tpl
[ 2016-09-27T10:23:20+08:00 ] ERR: (ThinkException) 无法加载模块:favicon
[ 2016-09-27T10:23:24+08:00 ] ERR: (ThinkException) 无法加载模块:favicon
[ 2016-09-27T10:23:26+08:00 ] ERR: (ThinkException) 无法加载模块:favicon
[ 2016-09-27T10:44:55+08:00 ] ERR: (ThinkException) 无法加载模块:favicon
[ 2016-09-27T10:52:17+08:00 ] ERR: (ThinkException) 无法加载模块:favicon
[ 2016-09-27T10:52:30+08:00 ] ERR: (ThinkException) 非法操作:ajaxProducts&order=sort&method=ASC&pagesize=8
[ 2016-09-27T10:53:01+08:00 ] ERR: (ThinkException) 无法加载模块:favicon
[ 2016-09-27T11:03:09+08:00 ] ERR: (ThinkException) 无法加载模块:favicon
[ 2016-09-27T11:03:12+08:00 ] ERR: (ThinkException) 无法加载模块:tpl
[ 2016-09-27T11:03:12+08:00 ] ERR: (ThinkException) 无法加载模块:tpl
[ 2016-09-27T11:03:12+08:00 ] ERR: (ThinkException) 无法加载模块:favicon
[ 2016-09-27T11:03:44+08:00 ] ERR: (ThinkException) 无法加载模块:favicon
[ 2016-09-27T11:03:46+08:00 ] ERR: (ThinkException) 无法加载模块:favicon
[ 2016-09-27T11:03:56+08:00 ] ERR: (ThinkException) 非法操作:ajaxProducts&order=sort&method=ASC&pagesize=8
[ 2016-09-27T11:04:28+08:00 ] ERR: (ThinkException) 无法加载模块:favicon
[ 2016-09-27T11:04:28+08:00 ] ERR: (ThinkException) 无法加载模块:favicon
[ 2016-09-27T11:04:29+08:00 ] ERR: (ThinkException) 无法加载模块:tpl
[ 2016-09-27T11:04:29+08:00 ] ERR: (ThinkException) 无法加载模块:tpl
[ 2016-09-27T11:04:30+08:00 ] ERR: (ThinkException) 无法加载模块:favicon
[ 2016-09-27T11:04:33+08:00 ] ERR: (ThinkException) 无法加载模块:dbproducts
[ 2016-09-27T11:04:33+08:00 ] ERR: (ThinkException) 无法加载模块:favicon
[ 2016-09-27T11:04:33+08:00 ] ERR: (ThinkException) 无法加载模块:favicon
[ 2016-09-27T11:04:37+08:00 ] ERR: (ThinkException) 无法加载模块:favicon
[ 2016-09-27T11:04:39+08:00 ] ERR: (ThinkException) 非法操作:dbproducts
[ 2016-09-27T11:04:39+08:00 ] ERR: (ThinkException) 无法加载模块:favicon
[ 2016-09-27T11:04:42+08:00 ] ERR: (ThinkException) 无法加载模块:favicon
[ 2016-09-27T11:04:45+08:00 ] ERR: (ThinkException) 无法加载模块:favicon
[ 2016-09-27T11:04:50+08:00 ] ERR: (ThinkException) 无法加载模块:favicon
[ 2016-09-27T11:04:50+08:00 ] ERR: (ThinkException) 无法加载模块:tpl
[ 2016-09-27T11:04:50+08:00 ] ERR: (ThinkException) 无法加载模块:tpl
[ 2016-09-27T11:04:51+08:00 ] ERR: (ThinkException) 无法加载模块:favicon
[ 2016-09-27T11:04:55+08:00 ] ERR: (ThinkException) 无法加载模块:favicon
[ 2016-09-27T11:04:55+08:00 ] ERR: (ThinkException) 无法加载模块:favicon
[ 2016-09-27T11:04:56+08:00 ] ERR: (ThinkException) 无法加载模块:favicon
[ 2016-09-27T11:04:57+08:00 ] ERR: (ThinkException) 无法加载模块:favicon
[ 2016-09-27T11:04:58+08:00 ] ERR: (ThinkException) 无法加载模块:favicon
[ 2016-09-27T11:04:58+08:00 ] ERR: (ThinkException) 无法加载模块:tpl
[ 2016-09-27T11:04:58+08:00 ] ERR: (ThinkException) 无法加载模块:tpl
[ 2016-09-27T11:04:59+08:00 ] ERR: (ThinkException) 无法加载模块:favicon
[ 2016-09-27T11:05:04+08:00 ] ERR: (ThinkException) 无法加载模块:favicon
[ 2016-09-27T11:05:06+08:00 ] ERR: (ThinkException) 无法加载模块:favicon
[ 2016-09-27T11:05:06+08:00 ] ERR: (ThinkException) 无法加载模块:favicon
[ 2016-09-27T11:05:08+08:00 ] ERR: (ThinkException) 非法操作:ajaxProducts&order=sort&method=ASC&pagesize=8
[ 2016-09-27T11:05:36+08:00 ] ERR: (ThinkException) 无法加载模块:favicon
[ 2016-09-27T11:05:38+08:00 ] ERR: (ThinkException) 无法加载模块:favicon
[ 2016-09-27T11:05:39+08:00 ] ERR: (ThinkException) 无法加载模块:favicon
[ 2016-09-27T11:05:40+08:00 ] ERR: (ThinkException) 无法加载模块:favicon
[ 2016-09-27T11:05:44+08:00 ] ERR: (ThinkException) 无法加载模块:favicon
[ 2016-09-27T11:05:45+08:00 ] ERR: (ThinkException) 无法加载模块:favicon
[ 2016-09-27T11:05:47+08:00 ] ERR: (ThinkException) 无法加载模块:favicon
[ 2016-09-27T11:05:47+08:00 ] ERR: (ThinkException) 无法加载模块:tpl
[ 2016-09-27T11:05:47+08:00 ] ERR: (ThinkException) 无法加载模块:tpl
[ 2016-09-27T11:05:47+08:00 ] ERR: (ThinkException) 无法加载模块:favicon
[ 2016-09-27T11:05:49+08:00 ] ERR: (ThinkException) 无法加载模块:favicon
[ 2016-09-27T11:05:50+08:00 ] ERR: (ThinkException) 无法加载模块:favicon
[ 2016-09-27T11:05:51+08:00 ] ERR: (ThinkException) 无法加载模块:favicon
[ 2016-09-27T11:05:52+08:00 ] ERR: (ThinkException) 无法加载模块:favicon
[ 2016-09-27T11:05:54+08:00 ] ERR: (ThinkException) 非法操作:ajaxProducts&order=sort&method=ASC&pagesize=8
[ 2016-09-27T11:05:57+08:00 ] ERR: (ThinkException) 无法加载模块:favicon
[ 2016-09-27T11:05:58+08:00 ] ERR: (ThinkException) 无法加载模块:favicon
[ 2016-09-27T11:06:00+08:00 ] ERR: (ThinkException) 无法加载模块:favicon
[ 2016-09-27T11:06:01+08:00 ] ERR: (ThinkException) 无法加载模块:favicon
[ 2016-09-27T11:06:04+08:00 ] ERR: (ThinkException) 无法加载模块:favicon
[ 2016-09-27T11:06:06+08:00 ] ERR: (ThinkException) 无法加载模块:favicon
[ 2016-09-27T11:06:11+08:00 ] ERR: (ThinkException) 无法加载模块:favicon
[ 2016-09-27T11:06:12+08:00 ] ERR: (ThinkException) 无法加载模块:favicon
[ 2016-09-27T11:06:55+08:00 ] ERR: (ThinkException) 无法加载模块:favicon
[ 2016-09-27T11:06:59+08:00 ] ERR: (ThinkException) 无法加载模块:favicon
[ 2016-09-27T11:07:00+08:00 ] ERR: (ThinkException) 无法加载模块:favicon
[ 2016-09-27T11:07:02+08:00 ] ERR: (ThinkException) 无法加载模块:favicon
[ 2016-09-27T11:07:03+08:00 ] ERR: (ThinkException) 无法加载模块:favicon
[ 2016-09-27T11:07:05+08:00 ] ERR: (ThinkException) 无法加载模块:favicon
[ 2016-09-27T11:07:06+08:00 ] ERR: (ThinkException) 无法加载模块:favicon
[ 2016-09-27T11:07:07+08:00 ] ERR: (ThinkException) 非法操作:ajaxProducts&order=sort&method=ASC&pagesize=8
[ 2016-09-27T11:07:10+08:00 ] ERR: (ThinkException) 无法加载模块:favicon
[ 2016-09-27T11:07:11+08:00 ] ERR: (ThinkException) 无法加载模块:favicon
[ 2016-09-27T11:07:13+08:00 ] ERR: (ThinkException) 无法加载模块:favicon
[ 2016-09-27T11:07:14+08:00 ] ERR: (ThinkException) 无法加载模块:favicon
[ 2016-09-27T11:07:20+08:00 ] ERR: (ThinkException) 无法加载模块:favicon
[ 2016-09-27T11:07:22+08:00 ] ERR: (ThinkException) 无法加载模块:favicon
[ 2016-09-27T11:07:29+08:00 ] ERR: (ThinkException) 无法加载模块:favicon
[ 2016-09-27T11:07:38+08:00 ] ERR: (ThinkException) 无法加载模块:tpl
[ 2016-09-27T11:07:38+08:00 ] ERR: (ThinkException) 无法加载模块:tpl
[ 2016-09-27T11:07:38+08:00 ] ERR: (ThinkException) 无法加载模块:favicon
[ 2016-09-27T11:07:44+08:00 ] ERR: (ThinkException) 无法加载模块:favicon
[ 2016-09-27T11:07:45+08:00 ] ERR: (ThinkException) 无法加载模块:favicon
[ 2016-09-27T11:07:52+08:00 ] ERR: (ThinkException) 无法加载模块:favicon
[ 2016-09-27T11:07:53+08:00 ] ERR: (ThinkException) 无法加载模块:favicon
[ 2016-09-27T11:07:56+08:00 ] ERR: (ThinkException) 无法加载模块:favicon
[ 2016-09-27T11:07:57+08:00 ] ERR: (ThinkException) 无法加载模块:favicon
[ 2016-09-27T11:07:59+08:00 ] ERR: (ThinkException) 无法加载模块:favicon
[ 2016-09-27T11:08:00+08:00 ] ERR: (ThinkException) 无法加载模块:favicon
[ 2016-09-27T11:08:01+08:00 ] ERR: (ThinkException) 无法加载模块:favicon
[ 2016-09-27T11:08:02+08:00 ] ERR: (ThinkException) 无法加载模块:favicon
[ 2016-09-27T11:08:03+08:00 ] ERR: (ThinkException) 非法操作:ajaxProducts&order=sort&method=ASC&pagesize=8
[ 2016-09-27T11:08:05+08:00 ] ERR: (ThinkException) 无法加载模块:favicon
[ 2016-09-27T11:08:06+08:00 ] ERR: (ThinkException) 无法加载模块:favicon
[ 2016-09-27T11:08:07+08:00 ] ERR: (ThinkException) 无法加载模块:favicon
[ 2016-09-27T11:08:09+08:00 ] ERR: (ThinkException) 无法加载模块:favicon
[ 2016-09-27T11:08:10+08:00 ] ERR: (ThinkException) 无法加载模块:favicon
[ 2016-09-27T11:08:13+08:00 ] ERR: (ThinkException) 无法加载模块:favicon
[ 2016-09-27T11:08:14+08:00 ] ERR: (ThinkException) 无法加载模块:favicon
[ 2016-09-27T11:08:14+08:00 ] ERR: (ThinkException) 无法加载模块:favicon
[ 2016-09-27T11:08:18+08:00 ] ERR: (ThinkException) 无法加载模块:favicon
[ 2016-09-27T11:08:23+08:00 ] ERR: (ThinkException) 无法加载模块:favicon
[ 2016-09-27T11:08:25+08:00 ] ERR: (ThinkException) 无法加载模块:favicon
[ 2016-09-27T11:08:26+08:00 ] ERR: (ThinkException) 无法加载模块:favicon
[ 2016-09-27T11:08:30+08:00 ] ERR: (ThinkException) 无法加载模块:favicon
[ 2016-09-27T11:08:32+08:00 ] ERR: (ThinkException) 无法加载模块:favicon
[ 2016-09-27T11:08:32+08:00 ] ERR: (ThinkException) 无法加载模块:favicon
[ 2016-09-27T11:08:34+08:00 ] ERR: (ThinkException) 非法操作:ajaxProducts&order=sort&method=ASC&pagesize=8
[ 2016-09-27T11:08:45+08:00 ] ERR: (ThinkException) 无法加载模块:favicon
[ 2016-09-27T11:08:55+08:00 ] ERR: (ThinkException) 无法加载模块:favicon
[ 2016-09-27T11:09:07+08:00 ] ERR: (ThinkException) 无法加载模块:tpl
[ 2016-09-27T11:09:07+08:00 ] ERR: (ThinkException) 无法加载模块:tpl
[ 2016-09-27T11:09:07+08:00 ] ERR: (ThinkException) 无法加载模块:favicon
[ 2016-09-27T11:09:12+08:00 ] ERR: (ThinkException) 无法加载模块:favicon
[ 2016-09-27T11:09:13+08:00 ] ERR: (ThinkException) 无法加载模块:favicon
[ 2016-09-27T11:09:16+08:00 ] ERR: (ThinkException) 非法操作:ajaxProducts&order=sort&method=ASC&pagesize=8
[ 2016-09-27T11:09:17+08:00 ] ERR: (ThinkException) 无法加载模块:favicon
[ 2016-09-27T11:09:27+08:00 ] ERR: (ThinkException) 非法操作:ajaxProducts&order=sort&method=ASC&pagesize=8
[ 2016-09-27T11:09:30+08:00 ] ERR: (ThinkException) 无法加载模块:favicon
[ 2016-09-27T11:09:32+08:00 ] ERR: (ThinkException) 无法加载模块:favicon
[ 2016-09-27T11:09:36+08:00 ] ERR: (ThinkException) 无法加载模块:favicon
[ 2016-09-27T11:10:09+08:00 ] ERR: (ThinkException) 无法加载模块:favicon
[ 2016-09-27T11:10:16+08:00 ] ERR: (ThinkException) 非法操作:ajaxProducts&order=sort&method=ASC&pagesize=8
[ 2016-09-27T11:10:23+08:00 ] ERR: (ThinkException) 无法加载模块:favicon
[ 2016-09-27T11:10:24+08:00 ] ERR: (ThinkException) 无法加载模块:favicon
[ 2016-09-27T11:10:26+08:00 ] ERR: (ThinkException) 无法加载模块:favicon
[ 2016-09-27T11:10:27+08:00 ] ERR: (ThinkException) 无法加载模块:favicon
[ 2016-09-27T11:10:35+08:00 ] ERR: (ThinkException) 无法加载模块:favicon
[ 2016-09-27T11:10:38+08:00 ] ERR: (ThinkException) 无法加载模块:favicon
[ 2016-09-27T11:10:40+08:00 ] ERR: (ThinkException) 无法加载模块:favicon
[ 2016-09-27T11:10:45+08:00 ] ERR: (ThinkException) 无法加载模块:favicon
[ 2016-09-27T11:10:51+08:00 ] ERR: (ThinkException) 无法加载模块:tpl
[ 2016-09-27T11:10:51+08:00 ] ERR: (ThinkException) 无法加载模块:tpl
[ 2016-09-27T11:10:51+08:00 ] ERR: (ThinkException) 无法加载模块:favicon
[ 2016-09-27T11:10:54+08:00 ] ERR: (ThinkException) 无法加载模块:favicon
[ 2016-09-27T11:10:55+08:00 ] ERR: (ThinkException) 无法加载模块:favicon
[ 2016-09-27T11:10:56+08:00 ] ERR: (ThinkException) 无法加载模块:favicon
[ 2016-09-27T11:10:57+08:00 ] ERR: (ThinkException) 无法加载模块:favicon
[ 2016-09-27T11:10:58+08:00 ] ERR: (ThinkException) 无法加载模块:favicon
[ 2016-09-27T11:10:58+08:00 ] ERR: (ThinkException) 非法操作:ajaxProducts&order=sort&method=ASC&pagesize=8
[ 2016-09-27T11:11:09+08:00 ] ERR: (ThinkException) 无法加载模块:favicon
[ 2016-09-27T11:11:20+08:00 ] ERR: (ThinkException) 无法加载模块:tpl
[ 2016-09-27T11:11:20+08:00 ] ERR: (ThinkException) 无法加载模块:tpl
[ 2016-09-27T11:11:20+08:00 ] ERR: (ThinkException) 无法加载模块:favicon
[ 2016-09-27T11:11:24+08:00 ] ERR: (ThinkException) 无法加载模块:favicon
[ 2016-09-27T11:11:26+08:00 ] ERR: (ThinkException) 无法加载模块:favicon
[ 2016-09-27T11:11:36+08:00 ] ERR: (ThinkException) 非法操作:ajaxProducts&order=sort&method=ASC&pagesize=8
[ 2016-09-27T11:11:58+08:00 ] ERR: (ThinkException) 无法加载模块:favicon
[ 2016-09-27T11:12:01+08:00 ] ERR: (ThinkException) 非法操作:ajaxProducts&order=sort&method=ASC&pagesize=8
[ 2016-09-27T11:13:45+08:00 ] ERR: (ThinkException) 无法加载模块:favicon
[ 2016-09-27T11:13:52+08:00 ] ERR: (ThinkException) 无法加载模块:favicon
[ 2016-09-27T11:14:21+08:00 ] ERR: (ThinkException) 非法操作:ajaxProducts&order=sort&method=ASC&pagesize=8
[ 2016-09-27T11:14:29+08:00 ] ERR: (ThinkException) 无法加载模块:favicon
[ 2016-09-27T11:14:37+08:00 ] ERR: (ThinkException) 非法操作:ajaxProducts&order=sort&method=ASC&pagesize=8
[ 2016-09-27T11:15:01+08:00 ] ERR: (ThinkException) 无法加载模块:favicon
[ 2016-09-27T11:15:04+08:00 ] ERR: (ThinkException) 无法加载模块:favicon
[ 2016-09-27T11:15:07+08:00 ] ERR: (ThinkException) 非法操作:ajaxProducts&order=sort&method=ASC&pagesize=8
[ 2016-09-27T11:15:39+08:00 ] ERR: (ThinkException) 无法加载模块:favicon
[ 2016-09-27T11:15:48+08:00 ] ERR: (ThinkException) 无法加载模块:favicon
[ 2016-09-27T11:15:49+08:00 ] ERR: (ThinkException) 无法加载模块:favicon
[ 2016-09-27T11:15:52+08:00 ] ERR: (ThinkException) 无法加载模块:favicon
[ 2016-09-27T11:15:53+08:00 ] ERR: (ThinkException) 无法加载模块:favicon
[ 2016-09-27T11:15:58+08:00 ] ERR: (ThinkException) 无法加载模块:favicon
[ 2016-09-27T11:15:59+08:00 ] ERR: (ThinkException) 无法加载模块:favicon
[ 2016-09-27T11:16:01+08:00 ] ERR: (ThinkException) 非法操作:ajaxProducts&order=sort&method=ASC&pagesize=8
[ 2016-09-27T11:16:02+08:00 ] ERR: (ThinkException) 无法加载模块:favicon
[ 2016-09-27T11:16:02+08:00 ] ERR: (ThinkException) 无法加载模块:favicon
[ 2016-09-27T11:16:05+08:00 ] ERR: (ThinkException) 无法加载模块:favicon
[ 2016-09-27T11:16:14+08:00 ] ERR: (ThinkException) 无法加载模块:favicon
[ 2016-09-27T11:16:26+08:00 ] ERR: (ThinkException) 非法操作:ajaxProducts&order=sort&method=ASC&pagesize=8
[ 2016-09-27T11:33:49+08:00 ] ERR: (ThinkException) 无法加载模块:favicon
[ 2016-09-27T11:33:53+08:00 ] ERR: (ThinkException) 非法操作:ajaxProducts&order=sort&method=ASC&pagesize=8
[ 2016-09-27T11:34:49+08:00 ] ERR: (ThinkException) 无法加载模块:favicon
[ 2016-09-27T11:34:51+08:00 ] ERR: (ThinkException) 非法操作:ajaxProducts&order=sort&method=ASC&pagesize=8
[ 2016-09-27T11:35:57+08:00 ] ERR: (ThinkException) 无法加载模块:favicon
[ 2016-09-27T11:36:00+08:00 ] ERR: (ThinkException) 无法加载模块:tpl
[ 2016-09-27T11:36:00+08:00 ] ERR: (ThinkException) 无法加载模块:tpl
[ 2016-09-27T11:36:00+08:00 ] ERR: (ThinkException) 无法加载模块:favicon
[ 2016-09-27T11:36:06+08:00 ] ERR: (ThinkException) 无法加载模块:favicon
[ 2016-09-27T11:36:08+08:00 ] ERR: (ThinkException) 无法加载模块:favicon
[ 2016-09-27T11:36:18+08:00 ] ERR: (ThinkException) 无法加载模块:favicon
[ 2016-09-27T11:36:21+08:00 ] ERR: (ThinkException) 无法加载模块:tpl
[ 2016-09-27T11:36:21+08:00 ] ERR: (ThinkException) 无法加载模块:tpl
[ 2016-09-27T11:36:21+08:00 ] ERR: (ThinkException) 无法加载模块:favicon
[ 2016-09-27T11:36:23+08:00 ] ERR: (ThinkException) 无法加载模块:favicon
[ 2016-09-27T11:36:25+08:00 ] ERR: (ThinkException) 无法加载模块:favicon
[ 2016-09-27T11:36:30+08:00 ] ERR: (ThinkException) 无法加载模块:favicon
[ 2016-09-27T11:36:33+08:00 ] ERR: (ThinkException) 无法加载模块:tpl
[ 2016-09-27T11:36:33+08:00 ] ERR: (ThinkException) 无法加载模块:tpl
[ 2016-09-27T11:36:33+08:00 ] ERR: (ThinkException) 无法加载模块:favicon
[ 2016-09-27T11:36:41+08:00 ] ERR: (ThinkException) 无法加载模块:favicon
[ 2016-09-27T11:36:42+08:00 ] ERR: (ThinkException) 无法加载模块:favicon
[ 2016-09-27T11:36:47+08:00 ] ERR: (ThinkException) 无法加载模块:dbproducts
[ 2016-09-27T11:36:47+08:00 ] ERR: (ThinkException) 无法加载模块:favicon
[ 2016-09-27T11:36:52+08:00 ] ERR: (ThinkException) 无法加载模块:favicon
[ 2016-09-27T11:36:55+08:00 ] ERR: (ThinkException) 无法加载模块:tpl
[ 2016-09-27T11:36:55+08:00 ] ERR: (ThinkException) 无法加载模块:tpl
[ 2016-09-27T11:36:55+08:00 ] ERR: (ThinkException) 无法加载模块:favicon
[ 2016-09-27T11:36:58+08:00 ] ERR: (ThinkException) 无法加载模块:favicon
[ 2016-09-27T11:37:00+08:00 ] ERR: (ThinkException) 无法加载模块:favicon
[ 2016-09-27T11:37:02+08:00 ] ERR: (ThinkException) 无法加载模块:favicon
[ 2016-09-27T11:37:04+08:00 ] ERR: (ThinkException) 无法加载模块:favicon
[ 2016-09-27T11:37:05+08:00 ] ERR: (ThinkException) 无法加载模块:favicon
[ 2016-09-27T11:37:09+08:00 ] ERR: (ThinkException) 无法加载模块:favicon
[ 2016-09-27T11:37:12+08:00 ] ERR: (ThinkException) 无法加载模块:favicon
[ 2016-09-27T11:37:15+08:00 ] ERR: (ThinkException) 无法加载模块:favicon
[ 2016-09-27T11:37:18+08:00 ] ERR: (ThinkException) 无法加载模块:favicon
[ 2016-09-27T11:37:19+08:00 ] ERR: (ThinkException) 无法加载模块:favicon
[ 2016-09-27T11:37:22+08:00 ] ERR: (ThinkException) 无法加载模块:favicon
[ 2016-09-27T11:37:25+08:00 ] ERR: (ThinkException) 无法加载模块:favicon
[ 2016-09-27T11:37:26+08:00 ] ERR: (ThinkException) 无法加载模块:favicon
[ 2016-09-27T11:37:30+08:00 ] ERR: (ThinkException) 无法加载模块:favicon
[ 2016-09-27T11:37:58+08:00 ] ERR: (ThinkException) 非法操作:ajaxProducts&order=sort&method=ASC&pagesize=8
[ 2016-09-27T11:46:25+08:00 ] ERR: (ThinkException) 无法加载模块:favicon
[ 2016-09-27T11:46:32+08:00 ] ERR: (ThinkException) 无法加载模块:favicon
[ 2016-09-27T11:46:38+08:00 ] ERR: (ThinkException) 非法操作:ajaxProducts&order=sort&method=ASC&pagesize=8
[ 2016-09-27T11:49:01+08:00 ] ERR: (ThinkException) 无法加载模块:favicon
[ 2016-09-27T11:51:43+08:00 ] ERR: (ThinkException) 无法加载模块:favicon
[ 2016-09-27T11:51:49+08:00 ] ERR: (ThinkException) 非法操作:ajaxProducts&order=sort&method=ASC&pagesize=8
[ 2016-09-27T11:53:42+08:00 ] ERR: (ThinkException) 无法加载模块:favicon
[ 2016-09-27T11:53:48+08:00 ] ERR: (ThinkException) 无法加载模块:favicon
[ 2016-09-27T11:53:54+08:00 ] ERR: (ThinkException) 非法操作:ajaxProducts&order=sort&method=ASC&pagesize=8
[ 2016-09-27T11:54:23+08:00 ] ERR: (ThinkException) 无法加载模块:favicon
[ 2016-09-27T12:03:15+08:00 ] ERR: (ThinkException) 无法加载模块:favicon
[ 2016-09-27T12:05:34+08:00 ] ERR: (ThinkException) 无法加载模块:favicon
[ 2016-09-27T12:06:25+08:00 ] ERR: (ThinkException) 无法加载模块:favicon
[ 2016-09-27T12:07:43+08:00 ] ERR: (ThinkException) 无法加载模块:favicon
[ 2016-09-27T12:09:11+08:00 ] ERR: (ThinkException) 无法加载模块:favicon
[ 2016-09-27T12:09:15+08:00 ] ERR: (ThinkException) 无法加载模块:tpl
[ 2016-09-27T12:09:15+08:00 ] ERR: (ThinkException) 无法加载模块:tpl
[ 2016-09-27T12:09:15+08:00 ] ERR: (ThinkException) 无法加载模块:favicon
[ 2016-09-27T12:09:20+08:00 ] ERR: (ThinkException) 无法加载模块:favicon
[ 2016-09-27T12:09:21+08:00 ] ERR: (ThinkException) 无法加载模块:favicon
[ 2016-09-27T12:09:25+08:00 ] ERR: (ThinkException) 非法操作:ajaxProducts&order=sort&method=ASC&pagesize=8
[ 2016-09-27T12:09:50+08:00 ] ERR: (ThinkException) 无法加载模块:favicon
[ 2016-09-27T12:09:56+08:00 ] ERR: (ThinkException) 非法操作:ajaxProducts&order=sort&method=ASC&pagesize=8
[ 2016-09-27T12:10:28+08:00 ] ERR: (ThinkException) 无法加载模块:favicon
[ 2016-09-27T12:11:54+08:00 ] ERR: (ThinkException) 无法加载模块:favicon
[ 2016-09-27T12:12:08+08:00 ] ERR: (ThinkException) 非法操作:ajaxProducts&order=sort&method=ASC&pagesize=8
[ 2016-09-27T12:12:58+08:00 ] ERR: (ThinkException) 无法加载模块:favicon
[ 2016-09-27T12:13:09+08:00 ] ERR: (ThinkException) 非法操作:ajaxProducts&order=sort&method=ASC&pagesize=8
[ 2016-09-27T12:38:35+08:00 ] ERR: (ThinkException) 无法加载模块:favicon
[ 2016-09-27T12:38:38+08:00 ] ERR: (ThinkException) 非法操作:ajaxProducts&order=sort&method=ASC&pagesize=8
[ 2016-09-27T13:47:01+08:00 ] ERR: (ThinkException) 无法加载模块:favicon
[ 2016-09-27T13:47:02+08:00 ] ERR: (ThinkException) 无法加载模块:tpl
[ 2016-09-27T13:47:02+08:00 ] ERR: (ThinkException) 无法加载模块:tpl
[ 2016-09-27T13:47:02+08:00 ] ERR: (ThinkException) 无法加载模块:favicon
[ 2016-09-27T13:47:06+08:00 ] ERR: (ThinkException) 无法加载模块:favicon
[ 2016-09-27T13:47:08+08:00 ] ERR: (ThinkException) 无法加载模块:favicon
[ 2016-09-27T13:52:35+08:00 ] ERR: (ThinkException) 无法加载模块:favicon
[ 2016-09-27T13:52:50+08:00 ] ERR: (ThinkException) 无法加载模块:favicon
[ 2016-09-27T13:52:53+08:00 ] ERR: (ThinkException) 无法加载模块:tpl
[ 2016-09-27T13:52:53+08:00 ] ERR: (ThinkException) 无法加载模块:tpl
[ 2016-09-27T13:52:53+08:00 ] ERR: (ThinkException) 无法加载模块:favicon
[ 2016-09-27T13:52:59+08:00 ] ERR: (ThinkException) 无法加载模块:favicon
[ 2016-09-27T13:53:00+08:00 ] ERR: (ThinkException) 无法加载模块:favicon
[ 2016-09-27T13:53:01+08:00 ] ERR: (ThinkException) 无法加载模块:favicon
[ 2016-09-27T13:53:05+08:00 ] ERR: (ThinkException) 非法操作:ajaxProducts&order=sort&method=ASC&pagesize=8
[ 2016-09-27T14:00:11+08:00 ] ERR: (ThinkException) 无法加载模块:favicon
[ 2016-09-27T15:13:06+08:00 ] ERR: (ThinkException) 无法加载模块:favicon
[ 2016-09-27T15:13:10+08:00 ] ERR: (ThinkException) 无法加载模块:tpl
[ 2016-09-27T15:13:10+08:00 ] ERR: (ThinkException) 无法加载模块:tpl
[ 2016-09-27T15:13:10+08:00 ] ERR: (ThinkException) 无法加载模块:favicon
[ 2016-09-27T15:13:16+08:00 ] ERR: (ThinkException) 无法加载模块:favicon
[ 2016-09-27T15:13:17+08:00 ] ERR: (ThinkException) 无法加载模块:favicon
[ 2016-09-27T15:13:28+08:00 ] ERR: (ThinkException) 非法操作:ajaxProducts&order=sort&method=ASC&pagesize=8
[ 2016-09-27T15:13:39+08:00 ] ERR: (ThinkException) 无法加载模块:favicon
[ 2016-09-27T15:13:40+08:00 ] ERR: (ThinkException) 无法加载模块:favicon
[ 2016-09-27T15:52:01+08:00 ] ERR: (ThinkException) 无法加载模块:favicon
[ 2016-09-27T18:11:32+08:00 ] ERR: (ThinkException) 无法加载模块:favicon
[ 2016-09-27T18:11:33+08:00 ] ERR: (ThinkException) 无法加载模块:tpl
[ 2016-09-27T18:11:33+08:00 ] ERR: (ThinkException) 无法加载模块:tpl
[ 2016-09-27T18:11:34+08:00 ] ERR: (ThinkException) 无法加载模块:favicon
[ 2016-09-27T18:11:36+08:00 ] ERR: (ThinkException) 无法加载模块:favicon
[ 2016-09-27T18:11:48+08:00 ] ERR: (ThinkException) 无法加载模块:favicon
[ 2016-09-27T18:25:02+08:00 ] ERR: (ThinkException) 无法加载模块:favicon
[ 2016-09-27T18:26:04+08:00 ] ERR: (ThinkException) 无法加载模块:favicon
[ 2016-09-27T18:28:34+08:00 ] ERR: (ThinkException) 无法加载模块:favicon
[ 2016-09-27T18:30:11+08:00 ] ERR: (ThinkException) 无法加载模块:favicon
[ 2016-09-27T18:42:19+08:00 ] ERR: (ThinkException) 无法加载模块:favicon
[ 2016-09-27T18:46:23+08:00 ] ERR: (ThinkException) 无法加载模块:favicon
[ 2016-09-27T18:46:26+08:00 ] ERR: (ThinkException) 无法加载模块:tpl
[ 2016-09-27T18:46:26+08:00 ] ERR: (ThinkException) 无法加载模块:tpl
[ 2016-09-27T18:46:26+08:00 ] ERR: (ThinkException) 无法加载模块:favicon
[ 2016-09-27T19:00:54+08:00 ] ERR: (ThinkException) 无法加载模块:favicon
[ 2016-09-27T19:02:55+08:00 ] ERR: (ThinkException) 无法加载模块:favicon
[ 2016-09-27T19:03:37+08:00 ] ERR: (ThinkException) 无法加载模块:favicon
[ 2016-09-27T19:04:02+08:00 ] ERR: (ThinkException) 无法加载模块:favicon
[ 2016-09-27T19:04:11+08:00 ] ERR: (ThinkException) 非法操作:ajaxProducts&order=sort&method=ASC&pagesize=8
[ 2016-09-27T19:05:09+08:00 ] ERR: (ThinkException) 非法操作:select
[ 2016-09-27T19:05:09+08:00 ] ERR: (ThinkException) 无法加载模块:favicon
[ 2016-09-27T19:05:11+08:00 ] ERR: (ThinkException) 无法加载模块:favicon
[ 2016-09-27T19:05:12+08:00 ] ERR: (ThinkException) 非法操作:cats
[ 2016-09-27T19:05:13+08:00 ] ERR: (ThinkException) 无法加载模块:favicon
[ 2016-09-27T19:05:14+08:00 ] ERR: (ThinkException) 无法加载模块:favicon
[ 2016-09-27T19:05:17+08:00 ] ERR: (ThinkException) 非法操作:myinfo
[ 2016-09-27T19:05:17+08:00 ] ERR: (ThinkException) 无法加载模块:favicon
[ 2016-09-27T19:05:18+08:00 ] ERR: (ThinkException) 无法加载模块:favicon
[ 2016-09-27T19:05:30+08:00 ] ERR: (ThinkException) 非法操作:bdproducts&order=salecount&method=DESC&keyword=
[ 2016-09-27T19:05:30+08:00 ] ERR: (ThinkException) 无法加载模块:favicon
[ 2016-09-27T19:05:32+08:00 ] ERR: (ThinkException) 无法加载模块:favicon
[ 2016-09-27T19:05:41+08:00 ] ERR: (ThinkException) 无法加载模块:favicon
[ 2016-09-27T19:12:29+08:00 ] ERR: (ThinkException) 无法加载模块:favicon
[ 2016-09-27T19:12:30+08:00 ] ERR: (ThinkException) 无法加载模块:tpl
[ 2016-09-27T19:12:30+08:00 ] ERR: (ThinkException) 无法加载模块:tpl
[ 2016-09-27T19:12:30+08:00 ] ERR: (ThinkException) 无法加载模块:favicon
[ 2016-09-27T19:12:33+08:00 ] ERR: (ThinkException) 无法加载模块:favicon
[ 2016-09-27T19:12:35+08:00 ] ERR: (ThinkException) XML标签语法错误 : condition="<!--{~count($recommands)}--
[ 2016-09-27T19:12:35+08:00 ] ERR: (ThinkException) 非法操作:
[ 2016-09-27T19:12:35+08:00 ] ERR: (ThinkException) 非法操作:
[ 2016-09-27T19:12:35+08:00 ] ERR: (ThinkException) 非法操作:
[ 2016-09-27T19:12:35+08:00 ] ERR: (ThinkException) 非法操作:
[ 2016-09-27T19:12:35+08:00 ] ERR: (ThinkException) 非法操作:
[ 2016-09-27T19:12:35+08:00 ] ERR: (ThinkException) 非法操作:
[ 2016-09-27T19:12:35+08:00 ] ERR: (ThinkException) 非法操作:
[ 2016-09-27T19:12:35+08:00 ] ERR: (ThinkException) 非法操作:
[ 2016-09-27T19:12:35+08:00 ] ERR: (ThinkException) 非法操作:
[ 2016-09-27T19:12:35+08:00 ] ERR: (ThinkException) 非法操作:
[ 2016-09-27T19:12:36+08:00 ] ERR: (ThinkException) 非法操作:
[ 2016-09-27T19:12:36+08:00 ] ERR: (ThinkException) 非法操作:
[ 2016-09-27T19:12:36+08:00 ] ERR: (ThinkException) 非法操作:
[ 2016-09-27T19:12:36+08:00 ] ERR: (ThinkException) 非法操作:
[ 2016-09-27T19:12:36+08:00 ] ERR: (ThinkException) 非法操作:
[ 2016-09-27T19:12:36+08:00 ] ERR: (ThinkException) 无法加载模块:favicon
[ 2016-09-27T19:13:12+08:00 ] ERR: (ThinkException) 无法加载模块:favicon
[ 2016-09-27T19:16:11+08:00 ] ERR: (ThinkException) 无法加载模块:favicon
[ 2016-09-27T19:16:14+08:00 ] ERR: (ThinkException) 无法加载模块:favicon
[ 2016-09-27T19:16:23+08:00 ] ERR: (ThinkException) 非法操作:ajaxProducts&order=sort&method=ASC&pagesize=8
[ 2016-09-27T19:18:03+08:00 ] ERR: (ThinkException) 无法加载模块:favicon
[ 2016-09-27T19:18:06+08:00 ] ERR: (ThinkException) 无法加载模块:tpl
[ 2016-09-27T19:18:06+08:00 ] ERR: (ThinkException) 无法加载模块:tpl
[ 2016-09-27T19:18:06+08:00 ] ERR: (ThinkException) 无法加载模块:favicon
[ 2016-09-27T19:22:01+08:00 ] ERR: (ThinkException) 无法加载模块:favicon
[ 2016-09-27T19:22:04+08:00 ] ERR: (ThinkException) 无法加载模块:tpl
[ 2016-09-27T19:22:04+08:00 ] ERR: (ThinkException) 无法加载模块:tpl
[ 2016-09-27T19:22:04+08:00 ] ERR: (ThinkException) 无法加载模块:favicon
[ 2016-09-27T19:25:15+08:00 ] ERR: (ThinkException) 无法加载模块:favicon
[ 2016-09-27T20:08:26+08:00 ] ERR: (ThinkException) 无法加载模块:favicon
