[ 2016-09-14T10:11:40+08:00 ] ERR: (ThinkException) 模板不存在[./../wxstore/Tpl/Wap/Store/bdproducts.html]
[ 2016-09-14T10:20:46+08:00 ] ERR: (ThinkException) 模板不存在[./../wxstore/Tpl/Wap/default/Store_products.html]
[ 2016-09-14T11:29:47+08:00 ] ERR: (ThinkException) 无法加载模块:token
[ 2016-09-14T11:30:07+08:00 ] ERR: (ThinkException) 无法加载模块:token
[ 2016-09-14T11:30:18+08:00 ] ERR: (ThinkException) 无法加载模块:token
[ 2016-09-14T11:30:42+08:00 ] ERR: (ThinkException) 无法加载模块:token
[ 2016-09-14T11:32:22+08:00 ] ERR: (ThinkException) 无法加载模块:token
[ 2016-09-14T11:36:04+08:00 ] ERR: (ThinkException) 无法加载模块:token
[ 2016-09-14T11:36:05+08:00 ] ERR: (ThinkException) 无法加载模块:token
[ 2016-09-14T11:36:05+08:00 ] ERR: (ThinkException) 无法加载模块:token
[ 2016-09-14T11:36:06+08:00 ] ERR: (ThinkException) 无法加载模块:token
[ 2016-09-14T11:36:06+08:00 ] ERR: (ThinkException) 无法加载模块:token
[ 2016-09-14T11:36:09+08:00 ] ERR: (ThinkException) 无法加载模块:products
[ 2016-09-14T11:36:24+08:00 ] ERR: (ThinkException) Table 'wxstore.tp_distribution_setting' doesn't exist
 [ SQL语句 ] : SHOW COLUMNS FROM `tp_distribution_setting`
[ 2016-09-14T11:36:38+08:00 ] ERR: (ThinkException) 无法加载模块:products
[ 2016-09-14T11:36:56+08:00 ] ERR: (ThinkException) 模板不存在[./Tpl/Wap/default/Store_products.html]
[ 2016-09-14T11:37:16+08:00 ] ERR: (ThinkException) 无法加载模块:token
[ 2016-09-14T11:37:51+08:00 ] ERR: (ThinkException) 无法加载模块:token
[ 2016-09-14T11:38:21+08:00 ] ERR: (ThinkException) 模板不存在[./Tpl/Wap/default/Store_products.html]
[ 2016-09-14T11:38:32+08:00 ] ERR: (ThinkException) 无法加载模块:token
[ 2016-09-14T11:38:53+08:00 ] ERR: (ThinkException) 无法加载模块:token
[ 2016-09-14T13:57:23+08:00 ] ERR: (ThinkException) 无法加载模块:products
[ 2016-09-14T13:57:28+08:00 ] ERR: (ThinkException) 模板不存在[./Tpl/Wap/default/Store_products.html]
[ 2016-09-14T15:41:30+08:00 ] ERR: (ThinkException) 非法操作:myinfo
[ 2016-09-14T16:12:45+08:00 ] ERR: (ThinkException) 无法加载模块:tpl
[ 2016-09-14T16:12:45+08:00 ] ERR: (ThinkException) 无法加载模块:tpl
[ 2016-09-14T16:13:02+08:00 ] ERR: (ThinkException) 无法加载模块:tpl
[ 2016-09-14T16:13:02+08:00 ] ERR: (ThinkException) 无法加载模块:tpl
[ 2016-09-14T16:13:05+08:00 ] ERR: (ThinkException) 无法加载模块:tpl
[ 2016-09-14T16:13:05+08:00 ] ERR: (ThinkException) 无法加载模块:tpl
[ 2016-09-14T16:13:14+08:00 ] ERR: (ThinkException) 无法加载模块:tpl
[ 2016-09-14T16:13:14+08:00 ] ERR: (ThinkException) 无法加载模块:tpl
[ 2016-09-14T16:13:58+08:00 ] ERR: (ThinkException) 无法加载模块:tpl
[ 2016-09-14T16:13:58+08:00 ] ERR: (ThinkException) 无法加载模块:tpl
[ 2016-09-14T16:14:10+08:00 ] ERR: (ThinkException) 无法加载模块:tpl
[ 2016-09-14T16:14:10+08:00 ] ERR: (ThinkException) 无法加载模块:tpl
[ 2016-09-14T16:16:34+08:00 ] ERR: (ThinkException) 无法加载模块:tpl
[ 2016-09-14T16:16:34+08:00 ] ERR: (ThinkException) 无法加载模块:tpl
[ 2016-09-14T16:31:45+08:00 ] ERR: (ThinkException) 无法加载模块:favicon
[ 2016-09-14T16:31:48+08:00 ] ERR: (ThinkException) 无法加载模块:tpl
[ 2016-09-14T16:31:48+08:00 ] ERR: (ThinkException) 无法加载模块:tpl
[ 2016-09-14T16:31:49+08:00 ] ERR: (ThinkException) 无法加载模块:favicon
[ 2016-09-14T16:34:01+08:00 ] ERR: (ThinkException) 无法加载模块:tpl
[ 2016-09-14T16:34:01+08:00 ] ERR: (ThinkException) 无法加载模块:tpl
[ 2016-09-14T16:34:13+08:00 ] ERR: (ThinkException) 无法加载模块:favicon
[ 2016-09-14T16:34:23+08:00 ] ERR: (ThinkException) 无法加载模块:tpl
[ 2016-09-14T16:34:23+08:00 ] ERR: (ThinkException) 无法加载模块:tpl
[ 2016-09-14T16:34:32+08:00 ] ERR: (ThinkException) 无法加载模块:tpl
[ 2016-09-14T16:34:32+08:00 ] ERR: (ThinkException) 无法加载模块:tpl
[ 2016-09-14T16:35:34+08:00 ] ERR: (ThinkException) 无法加载模块:tpl
[ 2016-09-14T16:35:34+08:00 ] ERR: (ThinkException) 无法加载模块:tpl
[ 2016-09-14T16:35:34+08:00 ] ERR: (ThinkException) 无法加载模块:favicon
[ 2016-09-14T16:35:59+08:00 ] ERR: (ThinkException) 无法加载模块:favicon
[ 2016-09-14T16:36:00+08:00 ] ERR: (ThinkException) 无法加载模块:favicon
[ 2016-09-14T16:36:06+08:00 ] ERR: (ThinkException) 无法加载模块:favicon
[ 2016-09-14T16:37:11+08:00 ] ERR: (ThinkException) 无法加载模块:favicon
[ 2016-09-14T16:37:14+08:00 ] ERR: (ThinkException) 无法加载模块:favicon
[ 2016-09-14T16:39:47+08:00 ] ERR: (ThinkException) 无法加载模块:favicon
[ 2016-09-14T16:39:49+08:00 ] ERR: (ThinkException) 无法加载模块:favicon
[ 2016-09-14T16:42:58+08:00 ] ERR: (ThinkException) 无法加载模块:favicon
[ 2016-09-14T16:42:59+08:00 ] ERR: (ThinkException) 无法加载模块:favicon
[ 2016-09-14T16:47:48+08:00 ] ERR: (ThinkException) 无法加载模块:favicon
[ 2016-09-14T16:47:49+08:00 ] ERR: (ThinkException) 无法加载模块:tpl
[ 2016-09-14T16:47:49+08:00 ] ERR: (ThinkException) 无法加载模块:tpl
[ 2016-09-14T16:47:50+08:00 ] ERR: (ThinkException) 无法加载模块:favicon
[ 2016-09-14T16:47:52+08:00 ] ERR: (ThinkException) 无法加载模块:favicon
[ 2016-09-14T16:47:54+08:00 ] ERR: (ThinkException) 无法加载模块:favicon
[ 2016-09-14T16:47:55+08:00 ] ERR: (ThinkException) 无法加载模块:favicon
[ 2016-09-14T16:48:09+08:00 ] ERR: (ThinkException) 无法加载模块:favicon
[ 2016-09-14T16:48:27+08:00 ] ERR: (ThinkException) 无法加载模块:favicon
[ 2016-09-14T16:48:48+08:00 ] ERR: (ThinkException) 无法加载模块:favicon
[ 2016-09-14T16:48:48+08:00 ] ERR: (ThinkException) 无法加载模块:favicon
[ 2016-09-14T16:56:26+08:00 ] ERR: (ThinkException) 无法加载模块:favicon
[ 2016-09-14T16:56:37+08:00 ] ERR: (ThinkException) 无法加载模块:favicon
[ 2016-09-14T16:57:26+08:00 ] ERR: (ThinkException) 无法加载模块:favicon
[ 2016-09-14T16:57:28+08:00 ] ERR: (ThinkException) 无法加载模块:favicon
[ 2016-09-14T16:59:00+08:00 ] ERR: (ThinkException) 无法加载模块:favicon
[ 2016-09-14T16:59:02+08:00 ] ERR: (ThinkException) 无法加载模块:favicon
[ 2016-09-14T16:59:44+08:00 ] ERR: (ThinkException) 无法加载模块:favicon
[ 2016-09-14T16:59:46+08:00 ] ERR: (ThinkException) 无法加载模块:favicon
[ 2016-09-14T17:01:09+08:00 ] ERR: (ThinkException) 无法加载模块:favicon
[ 2016-09-14T17:01:20+08:00 ] ERR: (ThinkException) 无法加载模块:favicon
[ 2016-09-14T17:02:22+08:00 ] ERR: (ThinkException) 无法加载模块:favicon
[ 2016-09-14T17:02:24+08:00 ] ERR: (ThinkException) 无法加载模块:favicon
[ 2016-09-14T17:04:21+08:00 ] ERR: (ThinkException) 无法加载模块:favicon
[ 2016-09-14T17:04:33+08:00 ] ERR: (ThinkException) 无法加载模块:favicon
[ 2016-09-14T17:06:29+08:00 ] ERR: (ThinkException) 无法加载模块:favicon
[ 2016-09-14T17:06:40+08:00 ] ERR: (ThinkException) 无法加载模块:favicon
[ 2016-09-14T17:08:04+08:00 ] ERR: (ThinkException) 无法加载模块:favicon
[ 2016-09-14T17:08:15+08:00 ] ERR: (ThinkException) 无法加载模块:favicon
[ 2016-09-14T17:09:43+08:00 ] ERR: (ThinkException) 无法加载模块:favicon
[ 2016-09-14T17:09:44+08:00 ] ERR: (ThinkException) 无法加载模块:favicon
[ 2016-09-14T17:27:06+08:00 ] ERR: (ThinkException) 无法加载模块:favicon
[ 2016-09-14T17:37:41+08:00 ] ERR: (ThinkException) 无法加载模块:favicon
[ 2016-09-14T17:37:44+08:00 ] ERR: (ThinkException) 无法加载模块:tpl
[ 2016-09-14T17:37:44+08:00 ] ERR: (ThinkException) 无法加载模块:tpl
[ 2016-09-14T17:37:44+08:00 ] ERR: (ThinkException) 无法加载模块:favicon
[ 2016-09-14T17:37:50+08:00 ] ERR: (ThinkException) 无法加载模块:favicon
[ 2016-09-14T17:37:51+08:00 ] ERR: (ThinkException) 无法加载模块:favicon
[ 2016-09-14T17:37:56+08:00 ] ERR: (ThinkException) 无法加载模块:favicon
[ 2016-09-14T17:51:37+08:00 ] ERR: (ThinkException) 无法加载模块:favicon
[ 2016-09-14T17:52:29+08:00 ] ERR: (ThinkException) 无法加载模块:favicon
[ 2016-09-14T17:53:43+08:00 ] ERR: (ThinkException) 无法加载模块:favicon
[ 2016-09-14T17:53:46+08:00 ] ERR: (ThinkException) 无法加载模块:favicon
[ 2016-09-14T17:54:29+08:00 ] ERR: (ThinkException) 无法加载模块:favicon
[ 2016-09-14T17:54:30+08:00 ] ERR: (ThinkException) 无法加载模块:favicon
