[ 2016-09-26T09:41:33+08:00 ] ERR: (ThinkException) 无法加载模块:favicon
[ 2016-09-26T09:41:35+08:00 ] ERR: (ThinkException) 无法加载模块:tpl
[ 2016-09-26T09:41:35+08:00 ] ERR: (ThinkException) 无法加载模块:tpl
[ 2016-09-26T09:41:36+08:00 ] ERR: (ThinkException) 无法加载模块:favicon
[ 2016-09-26T09:41:38+08:00 ] ERR: (ThinkException) 无法加载模块:favicon
[ 2016-09-26T09:41:40+08:00 ] ERR: (ThinkException) 无法加载模块:favicon
[ 2016-09-26T09:41:56+08:00 ] ERR: (ThinkException) 无法加载模块:favicon
[ 2016-09-26T09:42:21+08:00 ] ERR: (ThinkException) 无法加载模块:favicon
[ 2016-09-26T09:42:22+08:00 ] ERR: (ThinkException) 无法加载模块:tpl
[ 2016-09-26T09:42:22+08:00 ] ERR: (ThinkException) 无法加载模块:tpl
[ 2016-09-26T09:42:22+08:00 ] ERR: (ThinkException) 无法加载模块:favicon
[ 2016-09-26T09:44:28+08:00 ] ERR: (ThinkException) 无法加载模块:favicon
[ 2016-09-26T09:48:49+08:00 ] ERR: (ThinkException) 无法加载模块:favicon
[ 2016-09-26T09:50:47+08:00 ] ERR: (ThinkException) 无法加载模块:favicon
[ 2016-09-26T10:30:27+08:00 ] ERR: (ThinkException) 无法加载模块:Tpl
[ 2016-09-26T10:30:28+08:00 ] ERR: (ThinkException) 无法加载模块:favicon
[ 2016-09-26T10:33:47+08:00 ] ERR: (ThinkException) 无法加载模块:Tpl
[ 2016-09-26T10:33:47+08:00 ] ERR: (ThinkException) 无法加载模块:Tpl
[ 2016-09-26T10:33:47+08:00 ] ERR: (ThinkException) 无法加载模块:favicon
[ 2016-09-26T10:37:18+08:00 ] ERR: (ThinkException) 无法加载模块:favicon
[ 2016-09-26T10:38:53+08:00 ] ERR: (ThinkException) 无法加载模块:favicon
[ 2016-09-26T10:40:45+08:00 ] ERR: (ThinkException) 无法加载模块:favicon
[ 2016-09-26T10:41:15+08:00 ] ERR: (ThinkException) 无法加载模块:favicon
[ 2016-09-26T10:41:38+08:00 ] ERR: (ThinkException) 无法加载模块:favicon
[ 2016-09-26T10:41:41+08:00 ] ERR: (ThinkException) 无法加载模块:tpl
[ 2016-09-26T10:41:41+08:00 ] ERR: (ThinkException) 无法加载模块:tpl
[ 2016-09-26T10:41:41+08:00 ] ERR: (ThinkException) 无法加载模块:favicon
[ 2016-09-26T10:41:44+08:00 ] ERR: (ThinkException) 无法加载模块:favicon
[ 2016-09-26T10:41:46+08:00 ] ERR: (ThinkException) 无法加载模块:favicon
[ 2016-09-26T10:43:26+08:00 ] ERR: (ThinkException) 无法加载模块:favicon
[ 2016-09-26T10:43:37+08:00 ] ERR: (ThinkException) 无法加载模块:favicon
[ 2016-09-26T10:43:45+08:00 ] ERR: (ThinkException) 无法加载模块:favicon
[ 2016-09-26T10:44:01+08:00 ] ERR: (ThinkException) 无法加载模块:favicon
[ 2016-09-26T10:44:08+08:00 ] ERR: (ThinkException) 无法加载模块:favicon
[ 2016-09-26T10:44:17+08:00 ] ERR: (ThinkException) 无法加载模块:favicon
[ 2016-09-26T10:44:35+08:00 ] ERR: (ThinkException) 无法加载模块:favicon
[ 2016-09-26T10:45:18+08:00 ] ERR: (ThinkException) 无法加载模块:favicon
[ 2016-09-26T10:45:44+08:00 ] ERR: (ThinkException) 无法加载模块:favicon
[ 2016-09-26T10:51:55+08:00 ] ERR: (ThinkException) 无法加载模块:favicon
[ 2016-09-26T10:52:27+08:00 ] ERR: (ThinkException) 无法加载模块:favicon
[ 2016-09-26T10:52:35+08:00 ] ERR: (ThinkException) 无法加载模块:favicon
[ 2016-09-26T10:52:39+08:00 ] ERR: (ThinkException) 无法加载模块:favicon
[ 2016-09-26T10:52:44+08:00 ] ERR: (ThinkException) 无法加载模块:favicon
[ 2016-09-26T10:53:05+08:00 ] ERR: (ThinkException) 无法加载模块:favicon
[ 2016-09-26T10:53:10+08:00 ] ERR: (ThinkException) 无法加载模块:favicon
[ 2016-09-26T10:53:16+08:00 ] ERR: (ThinkException) 无法加载模块:favicon
[ 2016-09-26T10:53:25+08:00 ] ERR: (ThinkException) 无法加载模块:Tpl
[ 2016-09-26T10:53:26+08:00 ] ERR: (ThinkException) 无法加载模块:favicon
[ 2016-09-26T10:53:37+08:00 ] ERR: (ThinkException) 无法加载模块:favicon
[ 2016-09-26T10:53:44+08:00 ] ERR: (ThinkException) 无法加载模块:Tpl
[ 2016-09-26T10:53:44+08:00 ] ERR: (ThinkException) 无法加载模块:favicon
[ 2016-09-26T10:53:57+08:00 ] ERR: (ThinkException) 无法加载模块:favicon
[ 2016-09-26T10:54:12+08:00 ] ERR: (ThinkException) 无法加载模块:favicon
[ 2016-09-26T10:54:21+08:00 ] ERR: (ThinkException) 无法加载模块:Tpl
[ 2016-09-26T10:54:21+08:00 ] ERR: (ThinkException) 无法加载模块:favicon
[ 2016-09-26T10:54:35+08:00 ] ERR: (ThinkException) 无法加载模块:Tpl
[ 2016-09-26T10:54:35+08:00 ] ERR: (ThinkException) 无法加载模块:favicon
[ 2016-09-26T10:56:25+08:00 ] ERR: (ThinkException) 无法加载模块:favicon
[ 2016-09-26T10:57:18+08:00 ] ERR: (ThinkException) 无法加载模块:favicon
[ 2016-09-26T10:58:23+08:00 ] ERR: (ThinkException) 无法加载模块:favicon
[ 2016-09-26T10:58:26+08:00 ] ERR: (ThinkException) 无法加载模块:favicon
[ 2016-09-26T10:59:21+08:00 ] ERR: (ThinkException) 无法加载模块:Tpl
[ 2016-09-26T10:59:21+08:00 ] ERR: (ThinkException) 无法加载模块:favicon
[ 2016-09-26T10:59:30+08:00 ] ERR: (ThinkException) 无法加载模块:favicon
[ 2016-09-26T11:00:18+08:00 ] ERR: (ThinkException) 无法加载模块:Tpl
[ 2016-09-26T11:00:18+08:00 ] ERR: (ThinkException) 无法加载模块:favicon
[ 2016-09-26T11:00:25+08:00 ] ERR: (ThinkException) 无法加载模块:Tpl
[ 2016-09-26T11:00:25+08:00 ] ERR: (ThinkException) 无法加载模块:favicon
[ 2016-09-26T11:00:47+08:00 ] ERR: (ThinkException) 无法加载模块:Tpl
[ 2016-09-26T11:00:47+08:00 ] ERR: (ThinkException) 无法加载模块:favicon
[ 2016-09-26T11:01:18+08:00 ] ERR: (ThinkException) 无法加载模块:Tpl
[ 2016-09-26T11:01:18+08:00 ] ERR: (ThinkException) 无法加载模块:favicon
[ 2016-09-26T11:03:54+08:00 ] ERR: (ThinkException) 无法加载模块:Tpl
[ 2016-09-26T11:03:54+08:00 ] ERR: (ThinkException) 无法加载模块:favicon
[ 2016-09-26T11:04:50+08:00 ] ERR: (ThinkException) 无法加载模块:favicon
[ 2016-09-26T11:05:57+08:00 ] ERR: (ThinkException) 无法加载模块:favicon
[ 2016-09-26T11:06:13+08:00 ] ERR: (ThinkException) 无法加载模块:favicon
[ 2016-09-26T11:06:59+08:00 ] ERR: (ThinkException) 无法加载模块:favicon
[ 2016-09-26T11:07:45+08:00 ] ERR: (ThinkException) 无法加载模块:favicon
[ 2016-09-26T11:10:13+08:00 ] ERR: (ThinkException) 无法加载模块:favicon
[ 2016-09-26T11:11:03+08:00 ] ERR: (ThinkException) 无法加载模块:favicon
[ 2016-09-26T11:11:05+08:00 ] ERR: (ThinkException) 无法加载模块:favicon
[ 2016-09-26T11:11:13+08:00 ] ERR: (ThinkException) 无法加载模块:favicon
[ 2016-09-26T11:12:17+08:00 ] ERR: (ThinkException) 无法加载模块:favicon
[ 2016-09-26T11:12:31+08:00 ] ERR: (ThinkException) 无法加载模块:favicon
[ 2016-09-26T11:13:28+08:00 ] ERR: (ThinkException) 无法加载模块:favicon
[ 2016-09-26T11:16:25+08:00 ] ERR: (ThinkException) 无法加载模块:favicon
[ 2016-09-26T11:16:42+08:00 ] ERR: (ThinkException) 无法加载模块:favicon
[ 2016-09-26T11:20:37+08:00 ] ERR: (ThinkException) 无法加载模块:favicon
[ 2016-09-26T11:20:51+08:00 ] ERR: (ThinkException) 无法加载模块:favicon
[ 2016-09-26T11:21:03+08:00 ] ERR: (ThinkException) 无法加载模块:favicon
[ 2016-09-26T11:21:54+08:00 ] ERR: (ThinkException) 无法加载模块:favicon
[ 2016-09-26T11:34:15+08:00 ] ERR: (ThinkException) 无法加载模块:favicon
[ 2016-09-26T11:34:22+08:00 ] ERR: (ThinkException) 无法加载模块:tpl
[ 2016-09-26T11:34:22+08:00 ] ERR: (ThinkException) 无法加载模块:tpl
[ 2016-09-26T11:34:29+08:00 ] ERR: (ThinkException) 无法加载模块:favicon
[ 2016-09-26T11:34:32+08:00 ] ERR: (ThinkException) 无法加载模块:tpl
[ 2016-09-26T11:34:32+08:00 ] ERR: (ThinkException) 无法加载模块:tpl
[ 2016-09-26T11:34:32+08:00 ] ERR: (ThinkException) 无法加载模块:favicon
[ 2016-09-26T11:34:37+08:00 ] ERR: (ThinkException) 无法加载模块:favicon
[ 2016-09-26T11:34:38+08:00 ] ERR: (ThinkException) 无法加载模块:favicon
[ 2016-09-26T11:34:41+08:00 ] ERR: (ThinkException) 非法操作:ajaxProducts&order=sort&method=ASC&pagesize=8
[ 2016-09-26T11:36:17+08:00 ] ERR: (ThinkException) 无法加载模块:favicon
[ 2016-09-26T11:44:16+08:00 ] ERR: (ThinkException) 无法加载模块:favicon
[ 2016-09-26T11:44:18+08:00 ] ERR: (ThinkException) 无法加载模块:tpl
[ 2016-09-26T11:44:18+08:00 ] ERR: (ThinkException) 无法加载模块:tpl
[ 2016-09-26T11:44:18+08:00 ] ERR: (ThinkException) 无法加载模块:favicon
[ 2016-09-26T11:44:21+08:00 ] ERR: (ThinkException) 无法加载模块:favicon
[ 2016-09-26T11:44:23+08:00 ] ERR: (ThinkException) 无法加载模块:favicon
[ 2016-09-26T11:46:06+08:00 ] ERR: (ThinkException) 无法加载模块:favicon
[ 2016-09-26T11:46:19+08:00 ] ERR: (ThinkException) 无法加载模块:favicon
[ 2016-09-26T11:46:42+08:00 ] ERR: (ThinkException) 无法加载模块:favicon
[ 2016-09-26T14:20:13+08:00 ] ERR: (ThinkException) 非法操作:ajaxProducts&order=sort&method=ASC&pagesize=8
[ 2016-09-26T14:23:29+08:00 ] ERR: (ThinkException) 无法加载模块:favicon
[ 2016-09-26T14:23:33+08:00 ] ERR: (ThinkException) 无法加载模块:tpl
[ 2016-09-26T14:23:33+08:00 ] ERR: (ThinkException) 无法加载模块:tpl
[ 2016-09-26T14:23:33+08:00 ] ERR: (ThinkException) 无法加载模块:favicon
[ 2016-09-26T14:23:36+08:00 ] ERR: (ThinkException) 无法加载模块:tpl
[ 2016-09-26T14:23:36+08:00 ] ERR: (ThinkException) 无法加载模块:tpl
[ 2016-09-26T14:23:36+08:00 ] ERR: (ThinkException) 无法加载模块:favicon
[ 2016-09-26T14:24:15+08:00 ] ERR: (ThinkException) 无法加载模块:tpl
[ 2016-09-26T14:24:15+08:00 ] ERR: (ThinkException) 无法加载模块:tpl
[ 2016-09-26T14:24:15+08:00 ] ERR: (ThinkException) 无法加载模块:favicon
[ 2016-09-26T14:24:43+08:00 ] ERR: (ThinkException) 无法加载模块:favicon
[ 2016-09-26T14:24:45+08:00 ] ERR: (ThinkException) 无法加载模块:tpl
[ 2016-09-26T14:24:45+08:00 ] ERR: (ThinkException) 无法加载模块:tpl
[ 2016-09-26T14:24:45+08:00 ] ERR: (ThinkException) 无法加载模块:favicon
[ 2016-09-26T14:24:47+08:00 ] ERR: (ThinkException) 无法加载模块:favicon
[ 2016-09-26T14:24:49+08:00 ] ERR: (ThinkException) 无法加载模块:favicon
[ 2016-09-26T14:25:43+08:00 ] ERR: (ThinkException) 无法加载模块:favicon
[ 2016-09-26T14:25:46+08:00 ] ERR: (ThinkException) 无法加载模块:tpl
[ 2016-09-26T14:25:46+08:00 ] ERR: (ThinkException) 无法加载模块:tpl
[ 2016-09-26T14:25:46+08:00 ] ERR: (ThinkException) 无法加载模块:favicon
[ 2016-09-26T14:25:51+08:00 ] ERR: (ThinkException) 无法加载模块:favicon
[ 2016-09-26T14:25:52+08:00 ] ERR: (ThinkException) 无法加载模块:favicon
[ 2016-09-26T14:25:58+08:00 ] ERR: (ThinkException) 非法操作:ajaxProducts&order=sort&method=ASC&pagesize=8
[ 2016-09-26T14:26:36+08:00 ] ERR: (ThinkException) 无法加载模块:favicon
[ 2016-09-26T14:26:41+08:00 ] ERR: (ThinkException) 无法加载模块:favicon
[ 2016-09-26T14:26:45+08:00 ] ERR: (ThinkException) 无法加载模块:favicon
[ 2016-09-26T14:28:01+08:00 ] ERR: (ThinkException) 非法操作:ajaxProducts&order=sort&method=ASC&pagesize=8
[ 2016-09-26T14:55:45+08:00 ] ERR: (ThinkException) 无法加载模块:favicon
[ 2016-09-26T14:56:27+08:00 ] ERR: (ThinkException) You have an error in your SQL syntax; check the manual that corresponds to your MySQL server version for the right syntax to use near ') )' at line 1
 [ SQL语句 ] : SELECT `id`,`logourl` FROM `tp_product` WHERE ( `id` IN () ) 
[ 2016-09-26T14:56:27+08:00 ] ERR: (ThinkException) 无法加载模块:favicon
[ 2016-09-26T14:56:37+08:00 ] ERR: (ThinkException) 无法加载模块:favicon
[ 2016-09-26T14:56:39+08:00 ] ERR: (ThinkException) You have an error in your SQL syntax; check the manual that corresponds to your MySQL server version for the right syntax to use near ') )' at line 1
 [ SQL语句 ] : SELECT `id`,`logourl` FROM `tp_product` WHERE ( `id` IN () ) 
[ 2016-09-26T14:56:39+08:00 ] ERR: (ThinkException) 无法加载模块:favicon
[ 2016-09-26T14:57:31+08:00 ] ERR: (ThinkException) 无法加载模块:tpl
[ 2016-09-26T14:57:31+08:00 ] ERR: (ThinkException) 无法加载模块:tpl
[ 2016-09-26T14:57:33+08:00 ] ERR: (ThinkException) You have an error in your SQL syntax; check the manual that corresponds to your MySQL server version for the right syntax to use near ') )' at line 1
 [ SQL语句 ] : SELECT `id`,`logourl` FROM `tp_product` WHERE ( `id` IN () ) 
[ 2016-09-26T14:57:33+08:00 ] ERR: (ThinkException) 无法加载模块:favicon
[ 2016-09-26T15:18:10+08:00 ] ERR: (ThinkException) You have an error in your SQL syntax; check the manual that corresponds to your MySQL server version for the right syntax to use near ') )' at line 1
 [ SQL语句 ] : SELECT `id`,`logourl` FROM `tp_product` WHERE ( `id` IN () ) 
[ 2016-09-26T15:18:10+08:00 ] ERR: (ThinkException) 无法加载模块:favicon
[ 2016-09-26T15:20:10+08:00 ] ERR: (ThinkException) You have an error in your SQL syntax; check the manual that corresponds to your MySQL server version for the right syntax to use near ') )' at line 1
 [ SQL语句 ] : SELECT `id`,`logourl` FROM `tp_product` WHERE ( `id` IN () ) 
[ 2016-09-26T15:20:10+08:00 ] ERR: (ThinkException) 无法加载模块:favicon
[ 2016-09-26T15:20:34+08:00 ] ERR: (ThinkException) You have an error in your SQL syntax; check the manual that corresponds to your MySQL server version for the right syntax to use near ') )' at line 1
 [ SQL语句 ] : SELECT `id`,`logourl` FROM `tp_product` WHERE ( `id` IN () ) 
[ 2016-09-26T15:20:35+08:00 ] ERR: (ThinkException) 无法加载模块:favicon
[ 2016-09-26T15:22:36+08:00 ] ERR: (ThinkException) 非法操作:ajaxProducts&order=sort&method=ASC&pagesize=8
[ 2016-09-26T15:22:52+08:00 ] ERR: (ThinkException) 无法加载模块:favicon
[ 2016-09-26T15:22:54+08:00 ] ERR: (ThinkException) You have an error in your SQL syntax; check the manual that corresponds to your MySQL server version for the right syntax to use near ') )' at line 1
 [ SQL语句 ] : SELECT `id`,`logourl` FROM `tp_product` WHERE ( `id` IN () ) 
[ 2016-09-26T15:22:54+08:00 ] ERR: (ThinkException) 无法加载模块:favicon
[ 2016-09-26T15:26:37+08:00 ] ERR: (ThinkException) 无法加载模块:favicon
[ 2016-09-26T15:26:40+08:00 ] ERR: (ThinkException) 无法加载模块:tpl
[ 2016-09-26T15:26:40+08:00 ] ERR: (ThinkException) 无法加载模块:tpl
[ 2016-09-26T15:26:40+08:00 ] ERR: (ThinkException) 无法加载模块:favicon
[ 2016-09-26T15:26:43+08:00 ] ERR: (ThinkException) 无法加载模块:favicon
[ 2016-09-26T15:26:45+08:00 ] ERR: (ThinkException) You have an error in your SQL syntax; check the manual that corresponds to your MySQL server version for the right syntax to use near ') )' at line 1
 [ SQL语句 ] : SELECT `id`,`logourl` FROM `tp_product` WHERE ( `id` IN () ) 
[ 2016-09-26T15:26:45+08:00 ] ERR: (ThinkException) 无法加载模块:favicon
[ 2016-09-26T15:28:50+08:00 ] ERR: (ThinkException) You have an error in your SQL syntax; check the manual that corresponds to your MySQL server version for the right syntax to use near ') )' at line 1
 [ SQL语句 ] : SELECT `id`,`logourl` FROM `tp_product` WHERE ( `id` IN () ) 
[ 2016-09-26T15:28:50+08:00 ] ERR: (ThinkException) 无法加载模块:favicon
[ 2016-09-26T15:31:25+08:00 ] ERR: (ThinkException) 无法加载模块:favicon
[ 2016-09-26T15:31:36+08:00 ] ERR: (ThinkException) 无法加载模块:favicon
[ 2016-09-26T15:35:07+08:00 ] ERR: (ThinkException) 无法加载模块:favicon
[ 2016-09-26T15:35:10+08:00 ] ERR: (ThinkException) 无法加载模块:tpl
[ 2016-09-26T15:35:10+08:00 ] ERR: (ThinkException) 无法加载模块:tpl
[ 2016-09-26T15:35:10+08:00 ] ERR: (ThinkException) 无法加载模块:favicon
[ 2016-09-26T15:35:15+08:00 ] ERR: (ThinkException) 无法加载模块:favicon
[ 2016-09-26T15:35:17+08:00 ] ERR: (ThinkException) 无法加载模块:favicon
[ 2016-09-26T15:35:25+08:00 ] ERR: (ThinkException) 非法操作:ajaxProducts&order=sort&method=ASC&pagesize=8
[ 2016-09-26T15:38:31+08:00 ] ERR: (ThinkException) 无法加载模块:favicon
[ 2016-09-26T15:39:17+08:00 ] ERR: (ThinkException) 无法加载模块:favicon
[ 2016-09-26T15:41:33+08:00 ] ERR: (ThinkException) 无法加载模块:bdproducts
[ 2016-09-26T15:41:33+08:00 ] ERR: (ThinkException) 无法加载模块:favicon
[ 2016-09-26T15:41:38+08:00 ] ERR: (ThinkException) 无法加载模块:ore
[ 2016-09-26T15:41:38+08:00 ] ERR: (ThinkException) 无法加载模块:favicon
[ 2016-09-26T15:41:50+08:00 ] ERR: (ThinkException) 非法操作:index
[ 2016-09-26T15:41:50+08:00 ] ERR: (ThinkException) 无法加载模块:favicon
[ 2016-09-26T15:41:54+08:00 ] ERR: (ThinkException) 无法加载模块:tore
[ 2016-09-26T15:41:54+08:00 ] ERR: (ThinkException) 无法加载模块:favicon
[ 2016-09-26T15:42:16+08:00 ] ERR: (ThinkException) 无法加载模块:favicon
[ 2016-09-26T15:42:17+08:00 ] ERR: (ThinkException) 无法加载模块:favicon
[ 2016-09-26T15:42:20+08:00 ] ERR: (ThinkException) 无法加载模块:tpl
[ 2016-09-26T15:42:20+08:00 ] ERR: (ThinkException) 无法加载模块:tpl
[ 2016-09-26T15:42:20+08:00 ] ERR: (ThinkException) 无法加载模块:favicon
[ 2016-09-26T15:42:23+08:00 ] ERR: (ThinkException) 无法加载模块:favicon
[ 2016-09-26T15:42:24+08:00 ] ERR: (ThinkException) 无法加载模块:tpl
[ 2016-09-26T15:42:24+08:00 ] ERR: (ThinkException) 无法加载模块:tpl
[ 2016-09-26T15:42:24+08:00 ] ERR: (ThinkException) 无法加载模块:favicon
[ 2016-09-26T15:42:26+08:00 ] ERR: (ThinkException) 无法加载模块:favicon
[ 2016-09-26T15:42:26+08:00 ] ERR: (ThinkException) 无法加载模块:favicon
[ 2016-09-26T15:42:28+08:00 ] ERR: (ThinkException) 无法加载模块:favicon
[ 2016-09-26T15:42:32+08:00 ] ERR: (ThinkException) 无法加载模块:favicon
[ 2016-09-26T15:42:35+08:00 ] ERR: (ThinkException) 无法加载模块:tpl
[ 2016-09-26T15:42:35+08:00 ] ERR: (ThinkException) 无法加载模块:tpl
[ 2016-09-26T15:42:35+08:00 ] ERR: (ThinkException) 无法加载模块:favicon
[ 2016-09-26T15:42:42+08:00 ] ERR: (ThinkException) 无法加载模块:favicon
[ 2016-09-26T15:42:43+08:00 ] ERR: (ThinkException) 无法加载模块:favicon
[ 2016-09-26T15:42:44+08:00 ] ERR: (ThinkException) 无法加载模块:tpl
[ 2016-09-26T15:42:44+08:00 ] ERR: (ThinkException) 无法加载模块:tpl
[ 2016-09-26T15:42:44+08:00 ] ERR: (ThinkException) 无法加载模块:favicon
[ 2016-09-26T15:42:45+08:00 ] ERR: (ThinkException) 无法加载模块:favicon
[ 2016-09-26T15:42:46+08:00 ] ERR: (ThinkException) 无法加载模块:favicon
[ 2016-09-26T15:42:47+08:00 ] ERR: (ThinkException) 无法加载模块:favicon
[ 2016-09-26T15:42:50+08:00 ] ERR: (ThinkException) 无法加载模块:tpl
[ 2016-09-26T15:42:50+08:00 ] ERR: (ThinkException) 非法操作:myinfo
[ 2016-09-26T15:42:50+08:00 ] ERR: (ThinkException) 无法加载模块:tpl
[ 2016-09-26T15:42:50+08:00 ] ERR: (ThinkException) 无法加载模块:favicon
[ 2016-09-26T15:42:50+08:00 ] ERR: (ThinkException) 无法加载模块:favicon
[ 2016-09-26T15:42:51+08:00 ] ERR: (ThinkException) 无法加载模块:favicon
[ 2016-09-26T15:42:53+08:00 ] ERR: (ThinkException) 无法加载模块:favicon
[ 2016-09-26T15:42:54+08:00 ] ERR: (ThinkException) 无法加载模块:favicon
[ 2016-09-26T15:42:54+08:00 ] ERR: (ThinkException) 无法加载模块:favicon
[ 2016-09-26T15:42:57+08:00 ] ERR: (ThinkException) 无法加载模块:tpl
[ 2016-09-26T15:42:57+08:00 ] ERR: (ThinkException) 无法加载模块:tpl
[ 2016-09-26T15:42:57+08:00 ] ERR: (ThinkException) 无法加载模块:favicon
[ 2016-09-26T15:43:00+08:00 ] ERR: (ThinkException) 无法加载模块:favicon
[ 2016-09-26T15:43:01+08:00 ] ERR: (ThinkException) 无法加载模块:favicon
[ 2016-09-26T15:43:02+08:00 ] ERR: (ThinkException) 无法加载模块:favicon
[ 2016-09-26T15:43:04+08:00 ] ERR: (ThinkException) 无法加载模块:tpl
[ 2016-09-26T15:43:04+08:00 ] ERR: (ThinkException) 无法加载模块:tpl
[ 2016-09-26T15:43:04+08:00 ] ERR: (ThinkException) 无法加载模块:favicon
[ 2016-09-26T15:43:07+08:00 ] ERR: (ThinkException) 无法加载模块:favicon
[ 2016-09-26T15:43:08+08:00 ] ERR: (ThinkException) 无法加载模块:favicon
[ 2016-09-26T15:43:10+08:00 ] ERR: (ThinkException) 无法加载模块:tpl
[ 2016-09-26T15:43:10+08:00 ] ERR: (ThinkException) 无法加载模块:tpl
[ 2016-09-26T15:43:10+08:00 ] ERR: (ThinkException) 无法加载模块:favicon
[ 2016-09-26T15:43:11+08:00 ] ERR: (ThinkException) 无法加载模块:favicon
[ 2016-09-26T15:43:15+08:00 ] ERR: (ThinkException) 无法加载模块:favicon
[ 2016-09-26T15:43:16+08:00 ] ERR: (ThinkException) 无法加载模块:favicon
[ 2016-09-26T15:43:31+08:00 ] ERR: (ThinkException) 非法操作:ajaxProducts&order=sort&method=ASC&pagesize=8
[ 2016-09-26T15:43:38+08:00 ] ERR: (ThinkException) 无法加载模块:favicon
[ 2016-09-26T15:46:17+08:00 ] ERR: (ThinkException) 无法加载模块:favicon
[ 2016-09-26T15:46:32+08:00 ] ERR: (ThinkException) 无法加载模块:favicon
[ 2016-09-26T15:46:38+08:00 ] ERR: (ThinkException) 无法加载模块:tpl
[ 2016-09-26T15:46:38+08:00 ] ERR: (ThinkException) 无法加载模块:tpl
[ 2016-09-26T15:46:39+08:00 ] ERR: (ThinkException) 无法加载模块:favicon
[ 2016-09-26T15:46:51+08:00 ] ERR: (ThinkException) 无法加载模块:favicon
[ 2016-09-26T15:46:53+08:00 ] ERR: (ThinkException) 无法加载模块:favicon
[ 2016-09-26T15:48:02+08:00 ] ERR: (ThinkException) 无法加载模块:favicon
[ 2016-09-26T15:48:05+08:00 ] ERR: (ThinkException) 无法加载模块:favicon
[ 2016-09-26T15:48:08+08:00 ] ERR: (ThinkException) 无法加载模块:favicon
[ 2016-09-26T15:48:09+08:00 ] ERR: (ThinkException) 无法加载模块:favicon
[ 2016-09-26T15:48:10+08:00 ] ERR: (ThinkException) 无法加载模块:favicon
[ 2016-09-26T15:48:12+08:00 ] ERR: (ThinkException) 无法加载模块:favicon
[ 2016-09-26T15:48:12+08:00 ] ERR: (ThinkException) 无法加载模块:tpl
[ 2016-09-26T15:48:12+08:00 ] ERR: (ThinkException) 无法加载模块:tpl
[ 2016-09-26T15:48:14+08:00 ] ERR: (ThinkException) 非法操作:ajaxProducts&order=sort&method=ASC&pagesize=8
[ 2016-09-26T15:48:15+08:00 ] ERR: (ThinkException) 无法加载模块:favicon
[ 2016-09-26T15:48:17+08:00 ] ERR: (ThinkException) 无法加载模块:favicon
[ 2016-09-26T15:48:18+08:00 ] ERR: (ThinkException) 无法加载模块:favicon
[ 2016-09-26T15:48:19+08:00 ] ERR: (ThinkException) 无法加载模块:favicon
[ 2016-09-26T15:48:20+08:00 ] ERR: (ThinkException) 无法加载模块:favicon
[ 2016-09-26T15:48:22+08:00 ] ERR: (ThinkException) 无法加载模块:favicon
[ 2016-09-26T15:48:22+08:00 ] ERR: (ThinkException) 非法操作:ajaxProducts&order=sort&method=ASC&pagesize=8
[ 2016-09-26T15:48:23+08:00 ] ERR: (ThinkException) 无法加载模块:favicon
[ 2016-09-26T15:48:24+08:00 ] ERR: (ThinkException) 无法加载模块:favicon
[ 2016-09-26T15:48:30+08:00 ] ERR: (ThinkException) 无法加载模块:favicon
[ 2016-09-26T15:48:31+08:00 ] ERR: (ThinkException) 无法加载模块:favicon
[ 2016-09-26T15:48:32+08:00 ] ERR: (ThinkException) 无法加载模块:favicon
[ 2016-09-26T15:48:34+08:00 ] ERR: (ThinkException) 无法加载模块:favicon
[ 2016-09-26T15:48:37+08:00 ] ERR: (ThinkException) 无法加载模块:favicon
[ 2016-09-26T15:48:39+08:00 ] ERR: (ThinkException) 无法加载模块:favicon
[ 2016-09-26T15:48:41+08:00 ] ERR: (ThinkException) 无法加载模块:favicon
[ 2016-09-26T15:48:43+08:00 ] ERR: (ThinkException) 无法加载模块:favicon
[ 2016-09-26T15:48:44+08:00 ] ERR: (ThinkException) 无法加载模块:favicon
[ 2016-09-26T15:48:46+08:00 ] ERR: (ThinkException) 无法加载模块:favicon
[ 2016-09-26T15:49:06+08:00 ] ERR: (ThinkException) 无法加载模块:favicon
[ 2016-09-26T15:49:09+08:00 ] ERR: (ThinkException) 无法加载模块:tpl
[ 2016-09-26T15:49:09+08:00 ] ERR: (ThinkException) 无法加载模块:tpl
[ 2016-09-26T15:49:09+08:00 ] ERR: (ThinkException) 无法加载模块:favicon
[ 2016-09-26T15:49:12+08:00 ] ERR: (ThinkException) 无法加载模块:favicon
[ 2016-09-26T15:49:13+08:00 ] ERR: (ThinkException) 无法加载模块:favicon
[ 2016-09-26T15:49:19+08:00 ] ERR: (ThinkException) 无法加载模块:favicon
[ 2016-09-26T15:49:22+08:00 ] ERR: (ThinkException) 无法加载模块:favicon
[ 2016-09-26T15:49:30+08:00 ] ERR: (ThinkException) 无法加载模块:favicon
[ 2016-09-26T15:49:31+08:00 ] ERR: (ThinkException) 无法加载模块:favicon
[ 2016-09-26T15:49:34+08:00 ] ERR: (ThinkException) 非法操作:ajaxProducts&order=sort&method=ASC&pagesize=8
[ 2016-09-26T15:49:58+08:00 ] ERR: (ThinkException) 无法加载模块:favicon
[ 2016-09-26T15:49:59+08:00 ] ERR: (ThinkException) 无法加载模块:favicon
[ 2016-09-26T15:50:11+08:00 ] ERR: (ThinkException) 无法加载模块:favicon
[ 2016-09-26T15:50:13+08:00 ] ERR: (ThinkException) 无法加载模块:favicon
[ 2016-09-26T15:50:17+08:00 ] ERR: (ThinkException) 无法加载模块:favicon
[ 2016-09-26T15:50:19+08:00 ] ERR: (ThinkException) 无法加载模块:favicon
[ 2016-09-26T15:50:21+08:00 ] ERR: (ThinkException) 无法加载模块:favicon
[ 2016-09-26T15:50:22+08:00 ] ERR: (ThinkException) 无法加载模块:favicon
[ 2016-09-26T15:50:24+08:00 ] ERR: (ThinkException) 无法加载模块:favicon
[ 2016-09-26T15:50:25+08:00 ] ERR: (ThinkException) 无法加载模块:favicon
[ 2016-09-26T15:50:26+08:00 ] ERR: (ThinkException) 无法加载模块:favicon
[ 2016-09-26T15:50:28+08:00 ] ERR: (ThinkException) 无法加载模块:favicon
[ 2016-09-26T15:50:36+08:00 ] ERR: (ThinkException) 无法加载模块:favicon
[ 2016-09-26T15:50:39+08:00 ] ERR: (ThinkException) 无法加载模块:tpl
[ 2016-09-26T15:50:39+08:00 ] ERR: (ThinkException) 无法加载模块:tpl
[ 2016-09-26T15:50:39+08:00 ] ERR: (ThinkException) 无法加载模块:favicon
[ 2016-09-26T15:50:42+08:00 ] ERR: (ThinkException) 无法加载模块:favicon
[ 2016-09-26T15:50:44+08:00 ] ERR: (ThinkException) 无法加载模块:favicon
[ 2016-09-26T15:50:49+08:00 ] ERR: (ThinkException) 无法加载模块:favicon
[ 2016-09-26T15:50:50+08:00 ] ERR: (ThinkException) 无法加载模块:favicon
[ 2016-09-26T15:50:51+08:00 ] ERR: (ThinkException) 非法操作:ajaxProducts&order=sort&method=ASC&pagesize=8
[ 2016-09-26T15:50:52+08:00 ] ERR: (ThinkException) 无法加载模块:favicon
[ 2016-09-26T15:50:53+08:00 ] ERR: (ThinkException) 无法加载模块:favicon
[ 2016-09-26T15:51:00+08:00 ] ERR: (ThinkException) 无法加载模块:favicon
[ 2016-09-26T15:51:01+08:00 ] ERR: (ThinkException) 无法加载模块:favicon
[ 2016-09-26T15:51:02+08:00 ] ERR: (ThinkException) 无法加载模块:favicon
[ 2016-09-26T15:51:03+08:00 ] ERR: (ThinkException) 无法加载模块:favicon
[ 2016-09-26T15:51:05+08:00 ] ERR: (ThinkException) 无法加载模块:favicon
[ 2016-09-26T15:51:06+08:00 ] ERR: (ThinkException) 无法加载模块:favicon
[ 2016-09-26T15:51:07+08:00 ] ERR: (ThinkException) 无法加载模块:favicon
[ 2016-09-26T15:51:08+08:00 ] ERR: (ThinkException) 无法加载模块:favicon
[ 2016-09-26T15:51:09+08:00 ] ERR: (ThinkException) 无法加载模块:favicon
[ 2016-09-26T15:51:10+08:00 ] ERR: (ThinkException) 无法加载模块:favicon
[ 2016-09-26T15:51:11+08:00 ] ERR: (ThinkException) 无法加载模块:favicon
[ 2016-09-26T15:51:12+08:00 ] ERR: (ThinkException) 无法加载模块:favicon
[ 2016-09-26T15:51:12+08:00 ] ERR: (ThinkException) 无法加载模块:favicon
[ 2016-09-26T15:51:13+08:00 ] ERR: (ThinkException) 无法加载模块:favicon
[ 2016-09-26T15:51:14+08:00 ] ERR: (ThinkException) 无法加载模块:favicon
[ 2016-09-26T15:51:15+08:00 ] ERR: (ThinkException) 无法加载模块:favicon
[ 2016-09-26T15:51:17+08:00 ] ERR: (ThinkException) 无法加载模块:favicon
[ 2016-09-26T15:51:18+08:00 ] ERR: (ThinkException) 无法加载模块:favicon
[ 2016-09-26T15:51:25+08:00 ] ERR: (ThinkException) 无法加载模块:favicon
[ 2016-09-26T15:51:29+08:00 ] ERR: (ThinkException) 无法加载模块:tpl
[ 2016-09-26T15:51:29+08:00 ] ERR: (ThinkException) 无法加载模块:tpl
[ 2016-09-26T15:51:29+08:00 ] ERR: (ThinkException) 无法加载模块:favicon
[ 2016-09-26T15:51:32+08:00 ] ERR: (ThinkException) 无法加载模块:favicon
[ 2016-09-26T15:51:34+08:00 ] ERR: (ThinkException) 无法加载模块:favicon
[ 2016-09-26T15:55:10+08:00 ] ERR: (ThinkException) 无法加载模块:tpl
[ 2016-09-26T15:55:10+08:00 ] ERR: (ThinkException) 无法加载模块:tpl
[ 2016-09-26T15:55:10+08:00 ] ERR: (ThinkException) 无法加载模块:favicon
[ 2016-09-26T15:55:15+08:00 ] ERR: (ThinkException) 无法加载模块:favicon
[ 2016-09-26T15:55:16+08:00 ] ERR: (ThinkException) 无法加载模块:favicon
[ 2016-09-26T15:55:22+08:00 ] ERR: (ThinkException) 非法操作:ajaxProducts&order=sort&method=ASC&pagesize=8
[ 2016-09-26T15:55:29+08:00 ] ERR: (ThinkException) 无法加载模块:favicon
[ 2016-09-26T15:55:33+08:00 ] ERR: (ThinkException) 无法加载模块:favicon
[ 2016-09-26T15:55:36+08:00 ] ERR: (ThinkException) 无法加载模块:favicon
[ 2016-09-26T15:55:38+08:00 ] ERR: (ThinkException) 无法加载模块:favicon
[ 2016-09-26T15:55:41+08:00 ] ERR: (ThinkException) 无法加载模块:favicon
[ 2016-09-26T15:55:43+08:00 ] ERR: (ThinkException) 无法加载模块:favicon
[ 2016-09-26T15:55:47+08:00 ] ERR: (ThinkException) 无法加载模块:favicon
[ 2016-09-26T15:55:49+08:00 ] ERR: (ThinkException) 无法加载模块:favicon
[ 2016-09-26T15:55:57+08:00 ] ERR: (ThinkException) 无法加载模块:favicon
[ 2016-09-26T15:55:59+08:00 ] ERR: (ThinkException) 无法加载模块:favicon
[ 2016-09-26T15:56:02+08:00 ] ERR: (ThinkException) 非法操作:ajaxProducts&order=sort&method=ASC&pagesize=8
[ 2016-09-26T15:56:03+08:00 ] ERR: (ThinkException) 无法加载模块:favicon
[ 2016-09-26T15:56:05+08:00 ] ERR: (ThinkException) 无法加载模块:favicon
[ 2016-09-26T15:56:08+08:00 ] ERR: (ThinkException) 非法操作:myinfo
[ 2016-09-26T15:56:08+08:00 ] ERR: (ThinkException) 无法加载模块:favicon
[ 2016-09-26T15:56:12+08:00 ] ERR: (ThinkException) 无法加载模块:favicon
[ 2016-09-26T15:56:14+08:00 ] ERR: (ThinkException) 非法操作:cart
[ 2016-09-26T15:56:14+08:00 ] ERR: (ThinkException) 无法加载模块:favicon
[ 2016-09-26T15:56:16+08:00 ] ERR: (ThinkException) 无法加载模块:favicon
[ 2016-09-26T15:56:32+08:00 ] ERR: (ThinkException) 无法加载模块:dbproducts
[ 2016-09-26T15:56:32+08:00 ] ERR: (ThinkException) 无法加载模块:favicon
[ 2016-09-26T15:56:42+08:00 ] ERR: (ThinkException) 无法加载模块:login
[ 2016-09-26T15:56:42+08:00 ] ERR: (ThinkException) 无法加载模块:favicon
[ 2016-09-26T15:56:46+08:00 ] ERR: (ThinkException) 无法加载模块:login
[ 2016-09-26T15:56:47+08:00 ] ERR: (ThinkException) 无法加载模块:favicon
[ 2016-09-26T15:56:49+08:00 ] ERR: (ThinkException) 无法加载模块:login
[ 2016-09-26T15:56:49+08:00 ] ERR: (ThinkException) 无法加载模块:favicon
[ 2016-09-26T15:56:50+08:00 ] ERR: (ThinkException) 无法加载模块:dbproducts
[ 2016-09-26T15:56:50+08:00 ] ERR: (ThinkException) 无法加载模块:favicon
[ 2016-09-26T15:56:51+08:00 ] ERR: (ThinkException) 无法加载模块:favicon
[ 2016-09-26T15:56:51+08:00 ] ERR: (ThinkException) 无法加载模块:favicon
[ 2016-09-26T15:56:51+08:00 ] ERR: (ThinkException) 无法加载模块:dbproducts
[ 2016-09-26T15:56:51+08:00 ] ERR: (ThinkException) 无法加载模块:favicon
[ 2016-09-26T15:56:52+08:00 ] ERR: (ThinkException) 无法加载模块:favicon
[ 2016-09-26T15:56:55+08:00 ] ERR: (ThinkException) 无法加载模块:favicon
[ 2016-09-26T15:57:08+08:00 ] ERR: (ThinkException) 无法加载模块:dbproducts
[ 2016-09-26T15:57:08+08:00 ] ERR: (ThinkException) 无法加载模块:favicon
[ 2016-09-26T15:57:21+08:00 ] ERR: (ThinkException) 无法加载模块:dbproducts
[ 2016-09-26T15:57:21+08:00 ] ERR: (ThinkException) 无法加载模块:favicon
[ 2016-09-26T15:57:32+08:00 ] ERR: (ThinkException) 无法加载模块:favicon
[ 2016-09-26T15:57:34+08:00 ] ERR: (ThinkException) 无法加载模块:dbproducts
[ 2016-09-26T15:57:34+08:00 ] ERR: (ThinkException) 无法加载模块:favicon
[ 2016-09-26T15:57:34+08:00 ] ERR: (ThinkException) 无法加载模块:favicon
[ 2016-09-26T15:57:37+08:00 ] ERR: (ThinkException) 无法加载模块:favicon
[ 2016-09-26T15:57:38+08:00 ] ERR: (ThinkException) 无法加载模块:favicon
[ 2016-09-26T15:57:41+08:00 ] ERR: (ThinkException) 无法加载模块:favicon
[ 2016-09-26T15:57:43+08:00 ] ERR: (ThinkException) 无法加载模块:favicon
[ 2016-09-26T15:57:44+08:00 ] ERR: (ThinkException) 无法加载模块:favicon
[ 2016-09-26T15:57:46+08:00 ] ERR: (ThinkException) 无法加载模块:favicon
[ 2016-09-26T15:57:48+08:00 ] ERR: (ThinkException) 无法加载模块:favicon
[ 2016-09-26T15:57:50+08:00 ] ERR: (ThinkException) 无法加载模块:favicon
[ 2016-09-26T15:59:20+08:00 ] ERR: (ThinkException) 无法加载模块:favicon
[ 2016-09-26T15:59:22+08:00 ] ERR: (ThinkException) 无法加载模块:favicon
[ 2016-09-26T15:59:25+08:00 ] ERR: (ThinkException) 无法加载模块:favicon
[ 2016-09-26T15:59:26+08:00 ] ERR: (ThinkException) 无法加载模块:favicon
[ 2016-09-26T16:00:47+08:00 ] ERR: (ThinkException) 无法加载模块:favicon
[ 2016-09-26T16:00:48+08:00 ] ERR: (ThinkException) 无法加载模块:favicon
[ 2016-09-26T16:00:51+08:00 ] ERR: (ThinkException) 无法加载模块:favicon
[ 2016-09-26T16:00:53+08:00 ] ERR: (ThinkException) 无法加载模块:favicon
[ 2016-09-26T16:00:55+08:00 ] ERR: (ThinkException) 无法加载模块:favicon
[ 2016-09-26T16:00:56+08:00 ] ERR: (ThinkException) 无法加载模块:favicon
[ 2016-09-26T16:03:07+08:00 ] ERR: (ThinkException) 无法加载模块:favicon
[ 2016-09-26T16:03:09+08:00 ] ERR: (ThinkException) 无法加载模块:favicon
[ 2016-09-26T16:03:10+08:00 ] ERR: (ThinkException) 无法加载模块:favicon
[ 2016-09-26T16:03:12+08:00 ] ERR: (ThinkException) 无法加载模块:favicon
[ 2016-09-26T16:03:13+08:00 ] ERR: (ThinkException) 无法加载模块:favicon
[ 2016-09-26T16:03:14+08:00 ] ERR: (ThinkException) 无法加载模块:favicon
[ 2016-09-26T16:03:15+08:00 ] ERR: (ThinkException) 无法加载模块:favicon
[ 2016-09-26T16:03:16+08:00 ] ERR: (ThinkException) 无法加载模块:favicon
[ 2016-09-26T16:03:17+08:00 ] ERR: (ThinkException) 无法加载模块:favicon
[ 2016-09-26T16:03:18+08:00 ] ERR: (ThinkException) 无法加载模块:favicon
[ 2016-09-26T16:03:19+08:00 ] ERR: (ThinkException) 无法加载模块:favicon
[ 2016-09-26T16:03:20+08:00 ] ERR: (ThinkException) 无法加载模块:favicon
[ 2016-09-26T16:03:22+08:00 ] ERR: (ThinkException) 无法加载模块:favicon
[ 2016-09-26T16:03:24+08:00 ] ERR: (ThinkException) 无法加载模块:favicon
[ 2016-09-26T16:03:25+08:00 ] ERR: (ThinkException) 无法加载模块:favicon
[ 2016-09-26T16:03:26+08:00 ] ERR: (ThinkException) 无法加载模块:favicon
[ 2016-09-26T16:03:27+08:00 ] ERR: (ThinkException) 无法加载模块:favicon
[ 2016-09-26T16:03:29+08:00 ] ERR: (ThinkException) 无法加载模块:favicon
[ 2016-09-26T16:05:25+08:00 ] ERR: (ThinkException) 无法加载模块:dbproducts
[ 2016-09-26T16:05:25+08:00 ] ERR: (ThinkException) 无法加载模块:favicon
[ 2016-09-26T16:06:00+08:00 ] ERR: (ThinkException) 无法加载模块:favicon
[ 2016-09-26T16:06:14+08:00 ] ERR: (ThinkException) 无法加载模块:tpl
[ 2016-09-26T16:06:14+08:00 ] ERR: (ThinkException) 无法加载模块:tpl
[ 2016-09-26T16:06:14+08:00 ] ERR: (ThinkException) 无法加载模块:favicon
[ 2016-09-26T16:06:19+08:00 ] ERR: (ThinkException) 无法加载模块:favicon
[ 2016-09-26T16:06:20+08:00 ] ERR: (ThinkException) 无法加载模块:favicon
[ 2016-09-26T16:06:26+08:00 ] ERR: (ThinkException) 无法加载模块:favicon
[ 2016-09-26T16:06:27+08:00 ] ERR: (ThinkException) 无法加载模块:favicon
[ 2016-09-26T16:06:29+08:00 ] ERR: (ThinkException) 无法加载模块:tpl
[ 2016-09-26T16:06:29+08:00 ] ERR: (ThinkException) 无法加载模块:tpl
[ 2016-09-26T16:06:29+08:00 ] ERR: (ThinkException) 无法加载模块:favicon
[ 2016-09-26T16:06:30+08:00 ] ERR: (ThinkException) 无法加载模块:favicon
[ 2016-09-26T16:06:30+08:00 ] ERR: (ThinkException) 无法加载模块:favicon
[ 2016-09-26T16:06:32+08:00 ] ERR: (ThinkException) 无法加载模块:favicon
[ 2016-09-26T16:06:34+08:00 ] ERR: (ThinkException) 无法加载模块:favicon
[ 2016-09-26T16:06:35+08:00 ] ERR: (ThinkException) 无法加载模块:favicon
[ 2016-09-26T16:06:36+08:00 ] ERR: (ThinkException) 无法加载模块:favicon
[ 2016-09-26T16:06:37+08:00 ] ERR: (ThinkException) 无法加载模块:favicon
[ 2016-09-26T16:06:38+08:00 ] ERR: (ThinkException) 无法加载模块:favicon
[ 2016-09-26T16:06:38+08:00 ] ERR: (ThinkException) 无法加载模块:favicon
[ 2016-09-26T16:06:42+08:00 ] ERR: (ThinkException) 无法加载模块:favicon
[ 2016-09-26T16:06:43+08:00 ] ERR: (ThinkException) 无法加载模块:favicon
[ 2016-09-26T16:06:45+08:00 ] ERR: (ThinkException) 无法加载模块:favicon
[ 2016-09-26T16:06:46+08:00 ] ERR: (ThinkException) 无法加载模块:favicon
[ 2016-09-26T16:06:47+08:00 ] ERR: (ThinkException) 无法加载模块:favicon
[ 2016-09-26T16:06:47+08:00 ] ERR: (ThinkException) 无法加载模块:favicon
[ 2016-09-26T16:06:49+08:00 ] ERR: (ThinkException) 非法操作:ajaxProducts&order=sort&method=ASC&pagesize=8
[ 2016-09-26T16:06:51+08:00 ] ERR: (ThinkException) 无法加载模块:favicon
[ 2016-09-26T16:06:52+08:00 ] ERR: (ThinkException) 非法操作:ajaxProducts&order=sort&method=ASC&pagesize=8
[ 2016-09-26T16:06:52+08:00 ] ERR: (ThinkException) 无法加载模块:favicon
[ 2016-09-26T16:06:54+08:00 ] ERR: (ThinkException) 无法加载模块:favicon
[ 2016-09-26T16:06:55+08:00 ] ERR: (ThinkException) 无法加载模块:favicon
[ 2016-09-26T16:06:56+08:00 ] ERR: (ThinkException) 无法加载模块:favicon
[ 2016-09-26T16:06:56+08:00 ] ERR: (ThinkException) 无法加载模块:favicon
[ 2016-09-26T16:06:58+08:00 ] ERR: (ThinkException) 无法加载模块:favicon
[ 2016-09-26T16:06:58+08:00 ] ERR: (ThinkException) 无法加载模块:favicon
[ 2016-09-26T16:07:01+08:00 ] ERR: (ThinkException) 无法加载模块:favicon
[ 2016-09-26T16:07:03+08:00 ] ERR: (ThinkException) 无法加载模块:favicon
[ 2016-09-26T16:07:03+08:00 ] ERR: (ThinkException) 无法加载模块:favicon
[ 2016-09-26T16:07:04+08:00 ] ERR: (ThinkException) 无法加载模块:favicon
[ 2016-09-26T16:07:06+08:00 ] ERR: (ThinkException) 无法加载模块:favicon
[ 2016-09-26T16:07:10+08:00 ] ERR: (ThinkException) 无法加载模块:bdproducts
[ 2016-09-26T16:07:10+08:00 ] ERR: (ThinkException) 无法加载模块:favicon
[ 2016-09-26T16:07:14+08:00 ] ERR: (ThinkException) 无法加载模块:favicon
[ 2016-09-26T16:07:20+08:00 ] ERR: (ThinkException) 无法加载模块:favicon
[ 2016-09-26T16:07:23+08:00 ] ERR: (ThinkException) 无法加载模块:tpl
[ 2016-09-26T16:07:23+08:00 ] ERR: (ThinkException) 无法加载模块:tpl
[ 2016-09-26T16:07:24+08:00 ] ERR: (ThinkException) 无法加载模块:favicon
[ 2016-09-26T16:07:24+08:00 ] ERR: (ThinkException) 无法加载模块:favicon
[ 2016-09-26T16:07:27+08:00 ] ERR: (ThinkException) 无法加载模块:favicon
[ 2016-09-26T16:07:29+08:00 ] ERR: (ThinkException) 无法加载模块:favicon
[ 2016-09-26T16:07:29+08:00 ] ERR: (ThinkException) 无法加载模块:favicon
[ 2016-09-26T16:07:31+08:00 ] ERR: (ThinkException) 无法加载模块:favicon
[ 2016-09-26T16:07:32+08:00 ] ERR: (ThinkException) 无法加载模块:favicon
[ 2016-09-26T16:07:32+08:00 ] ERR: (ThinkException) 无法加载模块:tpl
[ 2016-09-26T16:07:32+08:00 ] ERR: (ThinkException) 无法加载模块:tpl
[ 2016-09-26T16:07:33+08:00 ] ERR: (ThinkException) 无法加载模块:favicon
[ 2016-09-26T16:07:34+08:00 ] ERR: (ThinkException) 无法加载模块:favicon
[ 2016-09-26T16:07:35+08:00 ] ERR: (ThinkException) 无法加载模块:favicon
[ 2016-09-26T16:07:36+08:00 ] ERR: (ThinkException) 非法操作:ajaxProducts&order=sort&method=ASC&pagesize=8
[ 2016-09-26T16:07:37+08:00 ] ERR: (ThinkException) 无法加载模块:favicon
[ 2016-09-26T16:07:38+08:00 ] ERR: (ThinkException) 无法加载模块:favicon
[ 2016-09-26T16:07:40+08:00 ] ERR: (ThinkException) 无法加载模块:favicon
[ 2016-09-26T16:07:41+08:00 ] ERR: (ThinkException) 无法加载模块:favicon
[ 2016-09-26T16:07:45+08:00 ] ERR: (ThinkException) 无法加载模块:favicon
[ 2016-09-26T16:07:46+08:00 ] ERR: (ThinkException) 无法加载模块:favicon
[ 2016-09-26T16:07:47+08:00 ] ERR: (ThinkException) 无法加载模块:favicon
[ 2016-09-26T16:07:48+08:00 ] ERR: (ThinkException) 无法加载模块:favicon
[ 2016-09-26T16:07:50+08:00 ] ERR: (ThinkException) 无法加载模块:favicon
[ 2016-09-26T16:07:51+08:00 ] ERR: (ThinkException) 无法加载模块:favicon
[ 2016-09-26T16:07:52+08:00 ] ERR: (ThinkException) 非法操作:ajaxProducts&order=sort&method=ASC&pagesize=8
[ 2016-09-26T16:07:53+08:00 ] ERR: (ThinkException) 无法加载模块:favicon
[ 2016-09-26T16:07:54+08:00 ] ERR: (ThinkException) 无法加载模块:favicon
[ 2016-09-26T16:07:55+08:00 ] ERR: (ThinkException) 无法加载模块:favicon
[ 2016-09-26T16:07:56+08:00 ] ERR: (ThinkException) 无法加载模块:favicon
[ 2016-09-26T16:07:57+08:00 ] ERR: (ThinkException) 无法加载模块:favicon
[ 2016-09-26T16:07:58+08:00 ] ERR: (ThinkException) 无法加载模块:favicon
[ 2016-09-26T16:07:59+08:00 ] ERR: (ThinkException) 无法加载模块:favicon
[ 2016-09-26T16:07:59+08:00 ] ERR: (ThinkException) 无法加载模块:favicon
[ 2016-09-26T16:08:04+08:00 ] ERR: (ThinkException) 无法加载模块:favicon
[ 2016-09-26T16:08:07+08:00 ] ERR: (ThinkException) 无法加载模块:tpl
[ 2016-09-26T16:08:07+08:00 ] ERR: (ThinkException) 无法加载模块:tpl
[ 2016-09-26T16:08:07+08:00 ] ERR: (ThinkException) 无法加载模块:favicon
[ 2016-09-26T16:08:10+08:00 ] ERR: (ThinkException) 无法加载模块:favicon
[ 2016-09-26T16:08:12+08:00 ] ERR: (ThinkException) 无法加载模块:favicon
[ 2016-09-26T16:08:16+08:00 ] ERR: (ThinkException) 非法操作:ajaxProducts&order=sort&method=ASC&pagesize=8
[ 2016-09-26T16:08:16+08:00 ] ERR: (ThinkException) 无法加载模块:favicon
[ 2016-09-26T16:08:17+08:00 ] ERR: (ThinkException) 无法加载模块:favicon
[ 2016-09-26T16:08:19+08:00 ] ERR: (ThinkException) 无法加载模块:favicon
[ 2016-09-26T16:08:20+08:00 ] ERR: (ThinkException) 无法加载模块:favicon
[ 2016-09-26T16:08:21+08:00 ] ERR: (ThinkException) 无法加载模块:favicon
[ 2016-09-26T16:08:22+08:00 ] ERR: (ThinkException) 无法加载模块:favicon
[ 2016-09-26T16:08:23+08:00 ] ERR: (ThinkException) 无法加载模块:favicon
[ 2016-09-26T16:08:23+08:00 ] ERR: (ThinkException) 无法加载模块:favicon
[ 2016-09-26T16:08:24+08:00 ] ERR: (ThinkException) 无法加载模块:favicon
[ 2016-09-26T16:08:24+08:00 ] ERR: (ThinkException) 无法加载模块:favicon
[ 2016-09-26T16:08:27+08:00 ] ERR: (ThinkException) 无法加载模块:favicon
[ 2016-09-26T16:08:28+08:00 ] ERR: (ThinkException) 无法加载模块:favicon
[ 2016-09-26T16:08:29+08:00 ] ERR: (ThinkException) 无法加载模块:favicon
[ 2016-09-26T16:08:32+08:00 ] ERR: (ThinkException) 无法加载模块:favicon
[ 2016-09-26T16:08:33+08:00 ] ERR: (ThinkException) 无法加载模块:favicon
[ 2016-09-26T16:08:35+08:00 ] ERR: (ThinkException) 无法加载模块:favicon
[ 2016-09-26T16:08:36+08:00 ] ERR: (ThinkException) 无法加载模块:favicon
[ 2016-09-26T16:08:55+08:00 ] ERR: (ThinkException) 无法加载模块:favicon
[ 2016-09-26T16:10:29+08:00 ] ERR: (ThinkException) 无法加载模块:favicon
[ 2016-09-26T16:10:44+08:00 ] ERR: (ThinkException) 非法操作:ajaxProducts&order=sort&method=ASC&pagesize=8
[ 2016-09-26T16:11:18+08:00 ] ERR: (ThinkException) 无法加载模块:favicon
[ 2016-09-26T16:11:25+08:00 ] ERR: (ThinkException) 无法加载模块:favicon
[ 2016-09-26T16:11:26+08:00 ] ERR: (ThinkException) 无法加载模块:favicon
[ 2016-09-26T16:11:27+08:00 ] ERR: (ThinkException) 无法加载模块:favicon
[ 2016-09-26T16:11:29+08:00 ] ERR: (ThinkException) 无法加载模块:favicon
[ 2016-09-26T16:11:30+08:00 ] ERR: (ThinkException) 无法加载模块:favicon
[ 2016-09-26T16:11:30+08:00 ] ERR: (ThinkException) 非法操作:ajaxProducts&order=sort&method=ASC&pagesize=8
[ 2016-09-26T16:11:31+08:00 ] ERR: (ThinkException) 无法加载模块:favicon
[ 2016-09-26T16:11:32+08:00 ] ERR: (ThinkException) 无法加载模块:favicon
[ 2016-09-26T16:11:34+08:00 ] ERR: (ThinkException) 无法加载模块:favicon
[ 2016-09-26T16:12:00+08:00 ] ERR: (ThinkException) 无法加载模块:favicon
[ 2016-09-26T16:12:07+08:00 ] ERR: (ThinkException) 无法加载模块:favicon
[ 2016-09-26T16:12:09+08:00 ] ERR: (ThinkException) 无法加载模块:favicon
[ 2016-09-26T16:12:10+08:00 ] ERR: (ThinkException) 无法加载模块:favicon
[ 2016-09-26T16:12:11+08:00 ] ERR: (ThinkException) 无法加载模块:favicon
[ 2016-09-26T16:12:13+08:00 ] ERR: (ThinkException) 无法加载模块:favicon
[ 2016-09-26T16:12:15+08:00 ] ERR: (ThinkException) 无法加载模块:favicon
[ 2016-09-26T16:12:25+08:00 ] ERR: (ThinkException) 非法操作:ajaxProducts&order=sort&method=ASC&pagesize=8
[ 2016-09-26T16:15:08+08:00 ] ERR: (ThinkException) 无法加载模块:favicon
[ 2016-09-26T16:15:09+08:00 ] ERR: (ThinkException) 无法加载模块:favicon
[ 2016-09-26T16:16:37+08:00 ] ERR: (ThinkException) 无法加载模块:favicon
[ 2016-09-26T16:16:56+08:00 ] ERR: (ThinkException) 无法加载模块:favicon
[ 2016-09-26T16:17:20+08:00 ] ERR: (ThinkException) 无法加载模块:favicon
[ 2016-09-26T16:17:30+08:00 ] ERR: (ThinkException) 无法加载模块:tpl
[ 2016-09-26T16:17:30+08:00 ] ERR: (ThinkException) 无法加载模块:tpl
[ 2016-09-26T16:17:31+08:00 ] ERR: (ThinkException) 无法加载模块:favicon
[ 2016-09-26T16:17:35+08:00 ] ERR: (ThinkException) 无法加载模块:favicon
[ 2016-09-26T16:17:36+08:00 ] ERR: (ThinkException) 无法加载模块:favicon
[ 2016-09-26T16:20:24+08:00 ] ERR: (ThinkException) 非法操作:ajaxProducts&order=sort&method=ASC&pagesize=8
[ 2016-09-26T16:20:26+08:00 ] ERR: (ThinkException) 无法加载模块:favicon
[ 2016-09-26T16:20:29+08:00 ] ERR: (ThinkException) 非法操作:ajaxProducts&order=sort&method=ASC&pagesize=8
[ 2016-09-26T16:20:45+08:00 ] ERR: (ThinkException) 无法加载模块:favicon
[ 2016-09-26T16:20:49+08:00 ] ERR: (ThinkException) 无法加载模块:favicon
[ 2016-09-26T16:20:50+08:00 ] ERR: (ThinkException) 非法操作:ajaxProducts&order=sort&method=ASC&pagesize=8
[ 2016-09-26T16:20:52+08:00 ] ERR: (ThinkException) 无法加载模块:favicon
[ 2016-09-26T16:20:55+08:00 ] ERR: (ThinkException) 无法加载模块:favicon
[ 2016-09-26T16:21:04+08:00 ] ERR: (ThinkException) 无法加载模块:favicon
[ 2016-09-26T16:21:08+08:00 ] ERR: (ThinkException) 非法操作:ajaxProducts&order=sort&method=ASC&pagesize=8
[ 2016-09-26T16:23:29+08:00 ] ERR: (ThinkException) 无法加载模块:favicon
[ 2016-09-26T16:23:31+08:00 ] ERR: (ThinkException) 无法加载模块:favicon
[ 2016-09-26T16:23:33+08:00 ] ERR: (ThinkException) 无法加载模块:favicon
[ 2016-09-26T16:23:35+08:00 ] ERR: (ThinkException) 无法加载模块:favicon
[ 2016-09-26T16:23:42+08:00 ] ERR: (ThinkException) 无法加载模块:favicon
[ 2016-09-26T16:23:43+08:00 ] ERR: (ThinkException) 无法加载模块:favicon
[ 2016-09-26T16:23:44+08:00 ] ERR: (ThinkException) 无法加载模块:favicon
[ 2016-09-26T16:23:46+08:00 ] ERR: (ThinkException) 无法加载模块:favicon
[ 2016-09-26T16:23:49+08:00 ] ERR: (ThinkException) 无法加载模块:favicon
[ 2016-09-26T16:23:51+08:00 ] ERR: (ThinkException) 无法加载模块:favicon
[ 2016-09-26T16:23:52+08:00 ] ERR: (ThinkException) 无法加载模块:favicon
[ 2016-09-26T16:23:53+08:00 ] ERR: (ThinkException) 无法加载模块:favicon
[ 2016-09-26T16:23:58+08:00 ] ERR: (ThinkException) 无法加载模块:favicon
[ 2016-09-26T16:23:59+08:00 ] ERR: (ThinkException) 无法加载模块:favicon
[ 2016-09-26T16:24:02+08:00 ] ERR: (ThinkException) 无法加载模块:favicon
[ 2016-09-26T16:24:04+08:00 ] ERR: (ThinkException) 无法加载模块:favicon
[ 2016-09-26T16:24:28+08:00 ] ERR: (ThinkException) 无法加载模块:favicon
[ 2016-09-26T16:24:29+08:00 ] ERR: (ThinkException) 无法加载模块:favicon
[ 2016-09-26T16:24:30+08:00 ] ERR: (ThinkException) 无法加载模块:favicon
[ 2016-09-26T16:24:32+08:00 ] ERR: (ThinkException) 无法加载模块:favicon
[ 2016-09-26T16:24:33+08:00 ] ERR: (ThinkException) 无法加载模块:favicon
[ 2016-09-26T16:24:37+08:00 ] ERR: (ThinkException) 无法加载模块:favicon
[ 2016-09-26T16:24:39+08:00 ] ERR: (ThinkException) 无法加载模块:favicon
[ 2016-09-26T16:24:41+08:00 ] ERR: (ThinkException) 无法加载模块:favicon
[ 2016-09-26T16:25:24+08:00 ] ERR: (ThinkException) 无法加载模块:favicon
[ 2016-09-26T16:26:24+08:00 ] ERR: (ThinkException) 无法加载模块:favicon
[ 2016-09-26T16:26:26+08:00 ] ERR: (ThinkException) 无法加载模块:favicon
[ 2016-09-26T16:26:28+08:00 ] ERR: (ThinkException) 无法加载模块:favicon
[ 2016-09-26T16:26:29+08:00 ] ERR: (ThinkException) 无法加载模块:favicon
[ 2016-09-26T16:26:29+08:00 ] ERR: (ThinkException) 无法加载模块:favicon
[ 2016-09-26T16:26:31+08:00 ] ERR: (ThinkException) 无法加载模块:favicon
[ 2016-09-26T16:26:32+08:00 ] ERR: (ThinkException) 无法加载模块:tpl
[ 2016-09-26T16:26:32+08:00 ] ERR: (ThinkException) 无法加载模块:tpl
[ 2016-09-26T16:26:32+08:00 ] ERR: (ThinkException) 无法加载模块:favicon
[ 2016-09-26T16:26:33+08:00 ] ERR: (ThinkException) 无法加载模块:favicon
[ 2016-09-26T16:26:35+08:00 ] ERR: (ThinkException) 无法加载模块:favicon
[ 2016-09-26T16:26:35+08:00 ] ERR: (ThinkException) 无法加载模块:favicon
[ 2016-09-26T16:26:36+08:00 ] ERR: (ThinkException) 无法加载模块:favicon
[ 2016-09-26T16:26:37+08:00 ] ERR: (ThinkException) 无法加载模块:favicon
[ 2016-09-26T16:26:37+08:00 ] ERR: (ThinkException) 非法操作:ajaxProducts&order=sort&method=ASC&pagesize=8
[ 2016-09-26T16:26:40+08:00 ] ERR: (ThinkException) 无法加载模块:favicon
[ 2016-09-26T16:26:40+08:00 ] ERR: (ThinkException) 无法加载模块:favicon
[ 2016-09-26T16:26:41+08:00 ] ERR: (ThinkException) 无法加载模块:favicon
[ 2016-09-26T16:26:43+08:00 ] ERR: (ThinkException) 无法加载模块:tpl
[ 2016-09-26T16:26:43+08:00 ] ERR: (ThinkException) 无法加载模块:tpl
[ 2016-09-26T16:26:44+08:00 ] ERR: (ThinkException) 无法加载模块:favicon
[ 2016-09-26T16:26:47+08:00 ] ERR: (ThinkException) 无法加载模块:favicon
[ 2016-09-26T16:26:48+08:00 ] ERR: (ThinkException) 无法加载模块:favicon
[ 2016-09-26T16:26:48+08:00 ] ERR: (ThinkException) 无法加载模块:favicon
[ 2016-09-26T16:26:50+08:00 ] ERR: (ThinkException) 无法加载模块:favicon
[ 2016-09-26T16:27:48+08:00 ] ERR: (ThinkException) 无法加载模块:favicon
[ 2016-09-26T16:27:49+08:00 ] ERR: (ThinkException) 无法加载模块:favicon
[ 2016-09-26T16:27:52+08:00 ] ERR: (ThinkException) 无法加载模块:favicon
[ 2016-09-26T16:27:53+08:00 ] ERR: (ThinkException) 无法加载模块:favicon
[ 2016-09-26T16:27:54+08:00 ] ERR: (ThinkException) 无法加载模块:favicon
[ 2016-09-26T16:27:55+08:00 ] ERR: (ThinkException) 无法加载模块:favicon
[ 2016-09-26T16:27:56+08:00 ] ERR: (ThinkException) 无法加载模块:favicon
[ 2016-09-26T16:27:57+08:00 ] ERR: (ThinkException) 无法加载模块:favicon
[ 2016-09-26T16:27:58+08:00 ] ERR: (ThinkException) 无法加载模块:favicon
[ 2016-09-26T16:28:00+08:00 ] ERR: (ThinkException) 无法加载模块:favicon
[ 2016-09-26T16:28:05+08:00 ] ERR: (ThinkException) 无法加载模块:dbproducts
[ 2016-09-26T16:28:05+08:00 ] ERR: (ThinkException) 无法加载模块:favicon
[ 2016-09-26T16:28:10+08:00 ] ERR: (ThinkException) 无法加载模块:dbproducts
[ 2016-09-26T16:28:10+08:00 ] ERR: (ThinkException) 无法加载模块:favicon
[ 2016-09-26T16:28:19+08:00 ] ERR: (ThinkException) 无法加载模块:favicon
[ 2016-09-26T16:28:22+08:00 ] ERR: (ThinkException) 无法加载模块:tpl
[ 2016-09-26T16:28:22+08:00 ] ERR: (ThinkException) 无法加载模块:tpl
[ 2016-09-26T16:28:22+08:00 ] ERR: (ThinkException) 无法加载模块:favicon
[ 2016-09-26T16:28:28+08:00 ] ERR: (ThinkException) 无法加载模块:favicon
[ 2016-09-26T16:28:29+08:00 ] ERR: (ThinkException) 无法加载模块:favicon
[ 2016-09-26T16:28:30+08:00 ] ERR: (ThinkException) 无法加载模块:favicon
[ 2016-09-26T16:28:39+08:00 ] ERR: (ThinkException) 无法加载模块:favicon
[ 2016-09-26T16:28:40+08:00 ] ERR: (ThinkException) 无法加载模块:favicon
[ 2016-09-26T16:28:40+08:00 ] ERR: (ThinkException) 无法加载模块:tpl
[ 2016-09-26T16:28:40+08:00 ] ERR: (ThinkException) 无法加载模块:tpl
[ 2016-09-26T16:28:40+08:00 ] ERR: (ThinkException) 无法加载模块:favicon
[ 2016-09-26T16:28:43+08:00 ] ERR: (ThinkException) 无法加载模块:favicon
[ 2016-09-26T16:28:44+08:00 ] ERR: (ThinkException) 无法加载模块:favicon
[ 2016-09-26T16:28:45+08:00 ] ERR: (ThinkException) 非法操作:ajaxProducts&order=sort&method=ASC&pagesize=8
[ 2016-09-26T16:28:46+08:00 ] ERR: (ThinkException) 无法加载模块:favicon
[ 2016-09-26T16:28:48+08:00 ] ERR: (ThinkException) 无法加载模块:favicon
[ 2016-09-26T16:28:56+08:00 ] ERR: (ThinkException) 无法加载模块:favicon
[ 2016-09-26T16:28:56+08:00 ] ERR: (ThinkException) 无法加载模块:favicon
[ 2016-09-26T16:28:58+08:00 ] ERR: (ThinkException) 无法加载模块:favicon
[ 2016-09-26T16:28:59+08:00 ] ERR: (ThinkException) 无法加载模块:favicon
[ 2016-09-26T16:29:00+08:00 ] ERR: (ThinkException) 无法加载模块:favicon
[ 2016-09-26T16:29:01+08:00 ] ERR: (ThinkException) 无法加载模块:favicon
[ 2016-09-26T16:29:10+08:00 ] ERR: (ThinkException) 无法加载模块:favicon
[ 2016-09-26T16:29:11+08:00 ] ERR: (ThinkException) 无法加载模块:favicon
[ 2016-09-26T16:29:11+08:00 ] ERR: (ThinkException) 无法加载模块:favicon
[ 2016-09-26T16:29:12+08:00 ] ERR: (ThinkException) 无法加载模块:favicon
[ 2016-09-26T16:29:13+08:00 ] ERR: (ThinkException) 无法加载模块:favicon
[ 2016-09-26T16:29:13+08:00 ] ERR: (ThinkException) 无法加载模块:favicon
[ 2016-09-26T16:29:18+08:00 ] ERR: (ThinkException) 无法加载模块:favicon
[ 2016-09-26T16:29:19+08:00 ] ERR: (ThinkException) 无法加载模块:favicon
[ 2016-09-26T16:29:19+08:00 ] ERR: (ThinkException) 无法加载模块:favicon
[ 2016-09-26T16:29:20+08:00 ] ERR: (ThinkException) 无法加载模块:favicon
[ 2016-09-26T16:29:21+08:00 ] ERR: (ThinkException) 无法加载模块:favicon
[ 2016-09-26T16:29:22+08:00 ] ERR: (ThinkException) 无法加载模块:tpl
[ 2016-09-26T16:29:22+08:00 ] ERR: (ThinkException) 无法加载模块:tpl
[ 2016-09-26T16:29:23+08:00 ] ERR: (ThinkException) 无法加载模块:favicon
[ 2016-09-26T16:29:30+08:00 ] ERR: (ThinkException) 无法加载模块:favicon
[ 2016-09-26T16:29:32+08:00 ] ERR: (ThinkException) 无法加载模块:favicon
[ 2016-09-26T16:29:35+08:00 ] ERR: (ThinkException) 无法加载模块:favicon
[ 2016-09-26T16:29:36+08:00 ] ERR: (ThinkException) 无法加载模块:favicon
[ 2016-09-26T16:29:38+08:00 ] ERR: (ThinkException) 无法加载模块:favicon
[ 2016-09-26T16:29:39+08:00 ] ERR: (ThinkException) 无法加载模块:favicon
[ 2016-09-26T16:29:41+08:00 ] ERR: (ThinkException) 非法操作:ajaxProducts&order=sort&method=ASC&pagesize=8
[ 2016-09-26T16:29:42+08:00 ] ERR: (ThinkException) 无法加载模块:favicon
[ 2016-09-26T16:29:45+08:00 ] ERR: (ThinkException) 无法加载模块:favicon
[ 2016-09-26T16:29:46+08:00 ] ERR: (ThinkException) 无法加载模块:favicon
[ 2016-09-26T16:29:47+08:00 ] ERR: (ThinkException) 无法加载模块:favicon
[ 2016-09-26T16:29:48+08:00 ] ERR: (ThinkException) 无法加载模块:favicon
[ 2016-09-26T16:29:50+08:00 ] ERR: (ThinkException) 无法加载模块:favicon
[ 2016-09-26T16:29:50+08:00 ] ERR: (ThinkException) 无法加载模块:tpl
[ 2016-09-26T16:29:50+08:00 ] ERR: (ThinkException) 无法加载模块:tpl
[ 2016-09-26T16:29:50+08:00 ] ERR: (ThinkException) 无法加载模块:favicon
[ 2016-09-26T16:29:50+08:00 ] ERR: (ThinkException) 无法加载模块:favicon
[ 2016-09-26T16:29:54+08:00 ] ERR: (ThinkException) 无法加载模块:favicon
[ 2016-09-26T16:29:54+08:00 ] ERR: (ThinkException) 无法加载模块:favicon
[ 2016-09-26T16:29:55+08:00 ] ERR: (ThinkException) 无法加载模块:favicon
[ 2016-09-26T16:29:56+08:00 ] ERR: (ThinkException) 无法加载模块:favicon
[ 2016-09-26T16:29:56+08:00 ] ERR: (ThinkException) 无法加载模块:favicon
[ 2016-09-26T16:29:57+08:00 ] ERR: (ThinkException) 无法加载模块:favicon
[ 2016-09-26T16:29:57+08:00 ] ERR: (ThinkException) 无法加载模块:favicon
[ 2016-09-26T16:29:58+08:00 ] ERR: (ThinkException) 无法加载模块:favicon
[ 2016-09-26T16:29:58+08:00 ] ERR: (ThinkException) 无法加载模块:favicon
[ 2016-09-26T16:29:59+08:00 ] ERR: (ThinkException) 无法加载模块:favicon
[ 2016-09-26T16:30:01+08:00 ] ERR: (ThinkException) 无法加载模块:favicon
[ 2016-09-26T16:30:01+08:00 ] ERR: (ThinkException) 无法加载模块:favicon
[ 2016-09-26T16:30:03+08:00 ] ERR: (ThinkException) 无法加载模块:favicon
[ 2016-09-26T16:30:20+08:00 ] ERR: (ThinkException) 无法加载模块:favicon
[ 2016-09-26T16:30:21+08:00 ] ERR: (ThinkException) 无法加载模块:favicon
[ 2016-09-26T16:30:21+08:00 ] ERR: (ThinkException) 无法加载模块:favicon
[ 2016-09-26T16:30:22+08:00 ] ERR: (ThinkException) 无法加载模块:favicon
[ 2016-09-26T16:30:24+08:00 ] ERR: (ThinkException) 无法加载模块:favicon
[ 2016-09-26T16:30:25+08:00 ] ERR: (ThinkException) 无法加载模块:favicon
[ 2016-09-26T16:30:27+08:00 ] ERR: (ThinkException) 无法加载模块:favicon
[ 2016-09-26T16:30:27+08:00 ] ERR: (ThinkException) 无法加载模块:favicon
[ 2016-09-26T16:30:28+08:00 ] ERR: (ThinkException) 无法加载模块:favicon
[ 2016-09-26T16:30:31+08:00 ] ERR: (ThinkException) 无法加载模块:favicon
[ 2016-09-26T16:30:32+08:00 ] ERR: (ThinkException) 无法加载模块:favicon
[ 2016-09-26T16:30:34+08:00 ] ERR: (ThinkException) 无法加载模块:favicon
[ 2016-09-26T16:30:35+08:00 ] ERR: (ThinkException) 无法加载模块:favicon
[ 2016-09-26T16:30:36+08:00 ] ERR: (ThinkException) 无法加载模块:favicon
[ 2016-09-26T16:30:37+08:00 ] ERR: (ThinkException) 无法加载模块:favicon
[ 2016-09-26T16:30:38+08:00 ] ERR: (ThinkException) 无法加载模块:favicon
[ 2016-09-26T16:30:38+08:00 ] ERR: (ThinkException) 非法操作:ajaxProducts&order=sort&method=ASC&pagesize=8
[ 2016-09-26T16:30:41+08:00 ] ERR: (ThinkException) 无法加载模块:tpl
[ 2016-09-26T16:30:41+08:00 ] ERR: (ThinkException) 无法加载模块:tpl
[ 2016-09-26T16:30:41+08:00 ] ERR: (ThinkException) 无法加载模块:favicon
[ 2016-09-26T16:30:42+08:00 ] ERR: (ThinkException) 无法加载模块:favicon
[ 2016-09-26T16:30:43+08:00 ] ERR: (ThinkException) 无法加载模块:favicon
[ 2016-09-26T16:30:44+08:00 ] ERR: (ThinkException) 无法加载模块:favicon
[ 2016-09-26T16:30:46+08:00 ] ERR: (ThinkException) 无法加载模块:favicon
[ 2016-09-26T16:30:46+08:00 ] ERR: (ThinkException) 无法加载模块:favicon
[ 2016-09-26T16:30:47+08:00 ] ERR: (ThinkException) 无法加载模块:favicon
[ 2016-09-26T16:31:28+08:00 ] ERR: (ThinkException) 无法加载模块:favicon
[ 2016-09-26T16:31:37+08:00 ] ERR: (ThinkException) 非法操作:ajaxProducts&order=sort&method=ASC&pagesize=8
[ 2016-09-26T16:32:06+08:00 ] ERR: (ThinkException) 无法加载模块:favicon
[ 2016-09-26T16:32:08+08:00 ] ERR: (ThinkException) 无法加载模块:favicon
[ 2016-09-26T16:32:10+08:00 ] ERR: (ThinkException) 无法加载模块:favicon
[ 2016-09-26T16:32:11+08:00 ] ERR: (ThinkException) 无法加载模块:favicon
[ 2016-09-26T16:32:13+08:00 ] ERR: (ThinkException) 无法加载模块:favicon
[ 2016-09-26T16:32:18+08:00 ] ERR: (ThinkException) 无法加载模块:favicon
[ 2016-09-26T16:32:26+08:00 ] ERR: (ThinkException) 无法加载模块:favicon
[ 2016-09-26T16:32:27+08:00 ] ERR: (ThinkException) 无法加载模块:favicon
[ 2016-09-26T16:32:44+08:00 ] ERR: (ThinkException) 无法加载模块:favicon
[ 2016-09-26T16:32:51+08:00 ] ERR: (ThinkException) 无法加载模块:favicon
[ 2016-09-26T16:33:19+08:00 ] ERR: (ThinkException) 无法加载模块:favicon
[ 2016-09-26T16:33:45+08:00 ] ERR: (ThinkException) 无法加载模块:favicon
[ 2016-09-26T16:34:22+08:00 ] ERR: (ThinkException) 无法加载模块:favicon
[ 2016-09-26T16:34:29+08:00 ] ERR: (ThinkException) 非法操作:ajaxProducts&order=sort&method=ASC&pagesize=8
[ 2016-09-26T16:35:33+08:00 ] ERR: (ThinkException) 非法操作:ajaxProducts&order=sort&method=ASC&pagesize=8
[ 2016-09-26T16:37:53+08:00 ] ERR: (ThinkException) 无法加载模块:favicon
[ 2016-09-26T16:38:34+08:00 ] ERR: (ThinkException) 非法操作:ajaxProducts&order=sort&method=ASC&pagesize=8
[ 2016-09-26T16:43:41+08:00 ] ERR: (ThinkException) XML标签语法错误 : condition="<!--{$recommands|count}--
[ 2016-09-26T16:43:41+08:00 ] ERR: (ThinkException) 非法操作:
[ 2016-09-26T16:43:41+08:00 ] ERR: (ThinkException) 非法操作:
[ 2016-09-26T16:43:41+08:00 ] ERR: (ThinkException) 非法操作:
[ 2016-09-26T16:43:41+08:00 ] ERR: (ThinkException) 非法操作:
[ 2016-09-26T16:43:41+08:00 ] ERR: (ThinkException) 非法操作:
[ 2016-09-26T16:43:42+08:00 ] ERR: (ThinkException) 非法操作:
[ 2016-09-26T16:43:42+08:00 ] ERR: (ThinkException) 非法操作:
[ 2016-09-26T16:43:42+08:00 ] ERR: (ThinkException) 非法操作:
[ 2016-09-26T16:43:42+08:00 ] ERR: (ThinkException) 非法操作:
[ 2016-09-26T16:43:42+08:00 ] ERR: (ThinkException) 非法操作:
[ 2016-09-26T16:43:42+08:00 ] ERR: (ThinkException) 非法操作:
[ 2016-09-26T16:43:42+08:00 ] ERR: (ThinkException) 非法操作:
[ 2016-09-26T16:43:42+08:00 ] ERR: (ThinkException) 非法操作:
[ 2016-09-26T16:43:42+08:00 ] ERR: (ThinkException) 非法操作:
[ 2016-09-26T16:43:42+08:00 ] ERR: (ThinkException) 非法操作:
[ 2016-09-26T16:43:42+08:00 ] ERR: (ThinkException) 无法加载模块:favicon
[ 2016-09-26T16:44:43+08:00 ] ERR: (ThinkException) 无法加载模块:favicon
[ 2016-09-26T16:50:49+08:00 ] ERR: (ThinkException) 无法加载模块:favicon
[ 2016-09-26T16:58:48+08:00 ] ERR: (ThinkException) 无法加载模块:favicon
[ 2016-09-26T16:59:06+08:00 ] ERR: (ThinkException) 无法加载模块:favicon
[ 2016-09-26T17:05:36+08:00 ] ERR: (ThinkException) 无法加载模块:favicon
[ 2016-09-26T17:06:35+08:00 ] ERR: (ThinkException) 无法加载模块:favicon
[ 2016-09-26T17:06:43+08:00 ] ERR: (ThinkException) 无法加载模块:favicon
[ 2016-09-26T17:08:07+08:00 ] ERR: (ThinkException) 无法加载模块:favicon
[ 2016-09-26T17:08:27+08:00 ] ERR: (ThinkException) 无法加载模块:favicon
[ 2016-09-26T17:11:30+08:00 ] ERR: (ThinkException) 无法加载模块:favicon
[ 2016-09-26T17:12:38+08:00 ] ERR: (ThinkException) 无法加载模块:favicon
[ 2016-09-26T17:12:49+08:00 ] ERR: (ThinkException) 无法加载模块:favicon
[ 2016-09-26T17:16:58+08:00 ] ERR: (ThinkException) 无法加载模块:favicon
[ 2016-09-26T17:20:41+08:00 ] ERR: (ThinkException) 无法加载模块:favicon
[ 2016-09-26T17:20:45+08:00 ] ERR: (ThinkException) 非法操作:ajaxProducts&order=sort&method=ASC&pagesize=8
[ 2016-09-26T17:23:06+08:00 ] ERR: (ThinkException) 无法加载模块:favicon
[ 2016-09-26T17:35:03+08:00 ] ERR: (ThinkException) 无法加载模块:favicon
[ 2016-09-26T17:35:06+08:00 ] ERR: (ThinkException) 无法加载模块:tpl
[ 2016-09-26T17:35:06+08:00 ] ERR: (ThinkException) 无法加载模块:tpl
[ 2016-09-26T17:35:06+08:00 ] ERR: (ThinkException) 无法加载模块:favicon
[ 2016-09-26T17:35:12+08:00 ] ERR: (ThinkException) 无法加载模块:favicon
[ 2016-09-26T17:35:14+08:00 ] ERR: (ThinkException) 无法加载模块:favicon
[ 2016-09-26T17:35:28+08:00 ] ERR: (ThinkException) 无法加载模块:favicon
[ 2016-09-26T17:35:32+08:00 ] ERR: (ThinkException) 非法操作:ajaxProducts&order=sort&method=ASC&pagesize=8
[ 2016-09-26T17:35:36+08:00 ] ERR: (ThinkException) 无法加载模块:favicon
[ 2016-09-26T17:36:03+08:00 ] ERR: (ThinkException) 无法加载模块:favicon
[ 2016-09-26T17:39:29+08:00 ] ERR: (ThinkException) 无法加载模块:favicon
[ 2016-09-26T17:39:35+08:00 ] ERR: (ThinkException) 无法加载模块:favicon
[ 2016-09-26T17:40:55+08:00 ] ERR: (ThinkException) 无法加载模块:favicon
[ 2016-09-26T17:40:58+08:00 ] ERR: (ThinkException) 非法操作:ajaxProducts&order=sort&method=ASC&pagesize=8
[ 2016-09-26T17:41:03+08:00 ] ERR: (ThinkException) 无法加载模块:favicon
[ 2016-09-26T17:41:14+08:00 ] ERR: (ThinkException) 非法操作:ajaxProducts&order=sort&method=ASC&pagesize=8
[ 2016-09-26T17:48:24+08:00 ] ERR: (ThinkException) 无法加载模块:favicon
[ 2016-09-26T17:49:48+08:00 ] ERR: (ThinkException) 无法加载模块:favicon
[ 2016-09-26T17:49:50+08:00 ] ERR: (ThinkException) 非法操作:ajaxProducts&order=sort&method=ASC&pagesize=8
