[ 2016-09-22T10:49:35+08:00 ] ERR: (ThinkException) 无法加载模块:favicon
[ 2016-09-22T10:49:39+08:00 ] ERR: (ThinkException) 无法加载模块:tpl
[ 2016-09-22T10:49:39+08:00 ] ERR: (ThinkException) 无法加载模块:tpl
[ 2016-09-22T10:49:39+08:00 ] ERR: (ThinkException) 无法加载模块:favicon
[ 2016-09-22T10:53:53+08:00 ] ERR: (ThinkException) 无法加载模块:favicon
[ 2016-09-22T10:53:56+08:00 ] ERR: (ThinkException) 无法加载模块:tpl
[ 2016-09-22T10:53:56+08:00 ] ERR: (ThinkException) 无法加载模块:tpl
[ 2016-09-22T10:53:56+08:00 ] ERR: (ThinkException) 无法加载模块:favicon
[ 2016-09-22T10:55:51+08:00 ] ERR: (ThinkException) 无法加载模块:favicon
[ 2016-09-22T10:55:53+08:00 ] ERR: (ThinkException) 无法加载模块:favicon
[ 2016-09-22T11:00:57+08:00 ] ERR: (ThinkException) 无法加载模块:favicon
[ 2016-09-22T11:00:59+08:00 ] ERR: (ThinkException) 无法加载模块:favicon
[ 2016-09-22T11:01:00+08:00 ] ERR: (ThinkException) 无法加载模块:favicon
[ 2016-09-22T11:01:02+08:00 ] ERR: (ThinkException) 无法加载模块:favicon
[ 2016-09-22T11:01:03+08:00 ] ERR: (ThinkException) 无法加载模块:favicon
[ 2016-09-22T11:01:04+08:00 ] ERR: (ThinkException) 无法加载模块:favicon
[ 2016-09-22T11:01:05+08:00 ] ERR: (ThinkException) 无法加载模块:favicon
[ 2016-09-22T11:01:07+08:00 ] ERR: (ThinkException) 无法加载模块:favicon
[ 2016-09-22T11:01:08+08:00 ] ERR: (ThinkException) 无法加载模块:favicon
[ 2016-09-22T11:01:09+08:00 ] ERR: (ThinkException) 无法加载模块:favicon
[ 2016-09-22T11:14:03+08:00 ] ERR: (ThinkException) 非法操作:ajaxProducts&order=sort&method=ASC&pagesize=8
[ 2016-09-22T11:33:55+08:00 ] ERR: (ThinkException) 无法加载模块:favicon
[ 2016-09-22T11:33:57+08:00 ] ERR: (ThinkException) 无法加载模块:favicon
[ 2016-09-22T11:33:59+08:00 ] ERR: (ThinkException) 非法操作:ajaxProducts&order=sort&method=ASC&pagesize=8
[ 2016-09-22T11:50:35+08:00 ] ERR: (ThinkException) 无法加载模块:favicon
[ 2016-09-22T12:25:43+08:00 ] ERR: (ThinkException) 无法加载模块:favicon
[ 2016-09-22T12:25:46+08:00 ] ERR: (ThinkException) 无法加载模块:tpl
[ 2016-09-22T12:25:46+08:00 ] ERR: (ThinkException) 无法加载模块:tpl
[ 2016-09-22T12:25:46+08:00 ] ERR: (ThinkException) 无法加载模块:favicon
[ 2016-09-22T12:25:52+08:00 ] ERR: (ThinkException) 无法加载模块:favicon
[ 2016-09-22T12:25:53+08:00 ] ERR: (ThinkException) 无法加载模块:favicon
[ 2016-09-22T12:25:55+08:00 ] ERR: (ThinkException) 无法加载模块:favicon
[ 2016-09-22T12:25:58+08:00 ] ERR: (ThinkException) 无法加载模块:favicon
[ 2016-09-22T12:27:53+08:00 ] ERR: (ThinkException) 非法操作:ajaxProducts&order=sort&method=ASC&pagesize=8
[ 2016-09-22T13:20:10+08:00 ] ERR: (ThinkException) 无法加载模块:favicon
[ 2016-09-22T13:20:12+08:00 ] ERR: (ThinkException) 无法加载模块:tpl
[ 2016-09-22T13:20:12+08:00 ] ERR: (ThinkException) 无法加载模块:tpl
[ 2016-09-22T13:20:12+08:00 ] ERR: (ThinkException) 无法加载模块:favicon
[ 2016-09-22T13:20:15+08:00 ] ERR: (ThinkException) 无法加载模块:favicon
[ 2016-09-22T13:20:18+08:00 ] ERR: (ThinkException) 无法加载模块:favicon
[ 2016-09-22T13:20:26+08:00 ] ERR: (ThinkException) 无法加载模块:favicon
[ 2016-09-22T13:20:45+08:00 ] ERR: (ThinkException) 无法加载模块:favicon
[ 2016-09-22T13:20:54+08:00 ] ERR: (ThinkException) 无法加载模块:favicon
[ 2016-09-22T13:21:09+08:00 ] ERR: (ThinkException) 无法加载模块:favicon
[ 2016-09-22T13:21:43+08:00 ] ERR: (ThinkException) 无法加载模块:favicon
[ 2016-09-22T13:21:53+08:00 ] ERR: (ThinkException) 无法加载模块:favicon
[ 2016-09-22T13:22:31+08:00 ] ERR: (ThinkException) 无法加载模块:favicon
[ 2016-09-22T13:22:47+08:00 ] ERR: (ThinkException) 无法加载模块:favicon
[ 2016-09-22T13:26:34+08:00 ] ERR: (ThinkException) 无法加载模块:favicon
[ 2016-09-22T13:26:51+08:00 ] ERR: (ThinkException) 无法加载模块:favicon
[ 2016-09-22T13:27:28+08:00 ] ERR: (ThinkException) 无法加载模块:favicon
[ 2016-09-22T13:27:42+08:00 ] ERR: (ThinkException) 无法加载模块:favicon
[ 2016-09-22T13:27:54+08:00 ] ERR: (ThinkException) 无法加载模块:favicon
[ 2016-09-22T13:29:05+08:00 ] ERR: (ThinkException) 无法加载模块:favicon
[ 2016-09-22T13:29:51+08:00 ] ERR: (ThinkException) 无法加载模块:favicon
[ 2016-09-22T13:30:04+08:00 ] ERR: (ThinkException) 无法加载模块:favicon
[ 2016-09-22T13:30:20+08:00 ] ERR: (ThinkException) 无法加载模块:favicon
[ 2016-09-22T13:30:47+08:00 ] ERR: (ThinkException) 无法加载模块:favicon
[ 2016-09-22T14:13:25+08:00 ] ERR: (ThinkException) 无法加载模块:Tpl
[ 2016-09-22T14:13:25+08:00 ] ERR: (ThinkException) 无法加载模块:favicon
[ 2016-09-22T14:16:30+08:00 ] ERR: (ThinkException) 无法加载模块:favicon
[ 2016-09-22T14:16:47+08:00 ] ERR: (ThinkException) 无法加载模块:favicon
[ 2016-09-22T14:18:02+08:00 ] ERR: (ThinkException) 无法加载模块:favicon
[ 2016-09-22T14:19:19+08:00 ] ERR: (ThinkException) 无法加载模块:favicon
[ 2016-09-22T14:19:21+08:00 ] ERR: (ThinkException) 无法加载模块:favicon
[ 2016-09-22T14:20:17+08:00 ] ERR: (ThinkException) 无法加载模块:favicon
[ 2016-09-22T14:20:18+08:00 ] ERR: (ThinkException) 无法加载模块:tpl
[ 2016-09-22T14:20:18+08:00 ] ERR: (ThinkException) 无法加载模块:tpl
[ 2016-09-22T14:20:19+08:00 ] ERR: (ThinkException) 无法加载模块:favicon
[ 2016-09-22T14:20:21+08:00 ] ERR: (ThinkException) 无法加载模块:favicon
[ 2016-09-22T14:20:24+08:00 ] ERR: (ThinkException) 无法加载模块:favicon
[ 2016-09-22T14:21:54+08:00 ] ERR: (ThinkException) 无法加载模块:favicon
[ 2016-09-22T14:22:15+08:00 ] ERR: (ThinkException) 无法加载模块:favicon
[ 2016-09-22T14:22:34+08:00 ] ERR: (ThinkException) 无法加载模块:favicon
[ 2016-09-22T14:23:17+08:00 ] ERR: (ThinkException) 无法加载模块:favicon
[ 2016-09-22T14:24:17+08:00 ] ERR: (ThinkException) 无法加载模块:favicon
[ 2016-09-22T14:24:26+08:00 ] ERR: (ThinkException) 无法加载模块:favicon
[ 2016-09-22T14:26:24+08:00 ] ERR: (ThinkException) 无法加载模块:favicon
[ 2016-09-22T14:27:08+08:00 ] ERR: (ThinkException) 无法加载模块:favicon
[ 2016-09-22T14:28:00+08:00 ] ERR: (ThinkException) 无法加载模块:favicon
[ 2016-09-22T14:31:09+08:00 ] ERR: (ThinkException) 无法加载模块:favicon
[ 2016-09-22T14:34:14+08:00 ] ERR: (ThinkException) 无法加载模块:favicon
[ 2016-09-22T14:34:23+08:00 ] ERR: (ThinkException) 无法加载模块:favicon
[ 2016-09-22T14:36:20+08:00 ] ERR: (ThinkException) 无法加载模块:favicon
[ 2016-09-22T14:42:38+08:00 ] ERR: (ThinkException) 无法加载模块:favicon
[ 2016-09-22T14:42:49+08:00 ] ERR: (ThinkException) 无法加载模块:favicon
[ 2016-09-22T14:43:02+08:00 ] ERR: (ThinkException) 无法加载模块:favicon
[ 2016-09-22T14:43:07+08:00 ] ERR: (ThinkException) 无法加载模块:favicon
[ 2016-09-22T14:46:49+08:00 ] ERR: (ThinkException) 无法加载模块:favicon
[ 2016-09-22T14:47:20+08:00 ] ERR: (ThinkException) 无法加载模块:favicon
[ 2016-09-22T14:47:31+08:00 ] ERR: (ThinkException) 无法加载模块:favicon
[ 2016-09-22T14:47:42+08:00 ] ERR: (ThinkException) 无法加载模块:favicon
[ 2016-09-22T14:48:17+08:00 ] ERR: (ThinkException) 无法加载模块:favicon
[ 2016-09-22T14:48:46+08:00 ] ERR: (ThinkException) 无法加载模块:favicon
[ 2016-09-22T14:48:59+08:00 ] ERR: (ThinkException) 无法加载模块:favicon
[ 2016-09-22T14:49:33+08:00 ] ERR: (ThinkException) 无法加载模块:favicon
[ 2016-09-22T14:50:02+08:00 ] ERR: (ThinkException) 无法加载模块:favicon
[ 2016-09-22T14:50:17+08:00 ] ERR: (ThinkException) 无法加载模块:favicon
[ 2016-09-22T14:50:26+08:00 ] ERR: (ThinkException) 无法加载模块:Tpl
[ 2016-09-22T14:50:26+08:00 ] ERR: (ThinkException) 无法加载模块:favicon
[ 2016-09-22T14:51:07+08:00 ] ERR: (ThinkException) 无法加载模块:Tpl
[ 2016-09-22T14:51:07+08:00 ] ERR: (ThinkException) 无法加载模块:favicon
[ 2016-09-22T14:51:24+08:00 ] ERR: (ThinkException) 无法加载模块:Tpl
[ 2016-09-22T14:51:24+08:00 ] ERR: (ThinkException) 无法加载模块:favicon
[ 2016-09-22T14:53:35+08:00 ] ERR: (ThinkException) 无法加载模块:favicon
[ 2016-09-22T15:08:37+08:00 ] ERR: (ThinkException) 无法加载模块:favicon
[ 2016-09-22T15:09:04+08:00 ] ERR: (ThinkException) 无法加载模块:favicon
[ 2016-09-22T15:09:39+08:00 ] ERR: (ThinkException) 无法加载模块:favicon
[ 2016-09-22T15:11:56+08:00 ] ERR: (ThinkException) 无法加载模块:favicon
[ 2016-09-22T15:12:09+08:00 ] ERR: (ThinkException) 无法加载模块:favicon
[ 2016-09-22T15:12:40+08:00 ] ERR: (ThinkException) 无法加载模块:favicon
[ 2016-09-22T15:16:22+08:00 ] ERR: (ThinkException) 无法加载模块:favicon
[ 2016-09-22T15:16:37+08:00 ] ERR: (ThinkException) 无法加载模块:favicon
[ 2016-09-22T15:17:01+08:00 ] ERR: (ThinkException) 无法加载模块:favicon
[ 2016-09-22T15:17:29+08:00 ] ERR: (ThinkException) 无法加载模块:favicon
[ 2016-09-22T15:18:40+08:00 ] ERR: (ThinkException) 无法加载模块:favicon
[ 2016-09-22T15:31:15+08:00 ] ERR: (ThinkException) 无法加载模块:Tpl
[ 2016-09-22T15:31:15+08:00 ] ERR: (ThinkException) 无法加载模块:favicon
[ 2016-09-22T15:31:26+08:00 ] ERR: (ThinkException) 无法加载模块:favicon
[ 2016-09-22T15:31:27+08:00 ] ERR: (ThinkException) 无法加载模块:tpl
[ 2016-09-22T15:31:27+08:00 ] ERR: (ThinkException) 无法加载模块:tpl
[ 2016-09-22T15:31:27+08:00 ] ERR: (ThinkException) 无法加载模块:favicon
[ 2016-09-22T15:31:30+08:00 ] ERR: (ThinkException) 无法加载模块:favicon
[ 2016-09-22T15:31:36+08:00 ] ERR: (ThinkException) 无法加载模块:favicon
[ 2016-09-22T15:31:52+08:00 ] ERR: (ThinkException) 无法加载模块:favicon
[ 2016-09-22T15:32:09+08:00 ] ERR: (ThinkException) 无法加载模块:favicon
[ 2016-09-22T15:32:16+08:00 ] ERR: (ThinkException) 无法加载模块:favicon
[ 2016-09-22T15:32:31+08:00 ] ERR: (ThinkException) 无法加载模块:favicon
[ 2016-09-22T15:34:14+08:00 ] ERR: (ThinkException) 无法加载模块:favicon
[ 2016-09-22T15:34:50+08:00 ] ERR: (ThinkException) 无法加载模块:favicon
[ 2016-09-22T15:35:05+08:00 ] ERR: (ThinkException) 无法加载模块:favicon
[ 2016-09-22T15:35:32+08:00 ] ERR: (ThinkException) 无法加载模块:favicon
[ 2016-09-22T15:35:46+08:00 ] ERR: (ThinkException) 无法加载模块:favicon
[ 2016-09-22T15:38:37+08:00 ] ERR: (ThinkException) 无法加载模块:favicon
[ 2016-09-22T15:39:01+08:00 ] ERR: (ThinkException) 无法加载模块:favicon
[ 2016-09-22T15:53:50+08:00 ] ERR: (ThinkException) 无法加载模块:favicon
[ 2016-09-22T15:53:54+08:00 ] ERR: (ThinkException) 无法加载模块:favicon
[ 2016-09-22T15:56:31+08:00 ] ERR: (ThinkException) 无法加载模块:favicon
[ 2016-09-22T16:09:42+08:00 ] ERR: (ThinkException) You have an error in your SQL syntax; check the manual that corresponds to your MySQL server version for the right syntax to use near ') )' at line 1
 [ SQL语句 ] : SELECT `id`,`logourl` FROM `tp_product` WHERE ( `id` IN () ) 
[ 2016-09-22T16:09:42+08:00 ] ERR: (ThinkException) 无法加载模块:favicon
[ 2016-09-22T16:09:53+08:00 ] ERR: (ThinkException) 无法加载模块:favicon
